INFO:requests.packages.urllib3.connectionpool:Starting new HTTPS connection (1): api.telegram.org
DEBUG:requests.packages.urllib3.connectionpool:"GET /bot621947128:AAF6O0J0VynvDb3Bi-AewMIig_RxVSA9yQI/getUpdates?offset=1&timeout=20 HTTP/1.1" 200 388
INFO:requests.packages.urllib3.connectionpool:Starting new HTTPS connection (1): api.telegram.org
DEBUG:requests.packages.urllib3.connectionpool:"POST /bot621947128:AAF6O0J0VynvDb3Bi-AewMIig_RxVSA9yQI/sendMessage?chat_id=97897080&text=There+are+the+closest+places%3A&reply_to_message_id=399 HTTP/1.1" 200 635
DEBUG:requests.packages.urllib3.connectionpool:"POST /bot621947128:AAF6O0J0VynvDb3Bi-AewMIig_RxVSA9yQI/sendMessage?chat_id=97897080&text=Place+title2+-+Work2&reply_to_message_id=399 HTTP/1.1" 200 626
DEBUG:requests.packages.urllib3.connectionpool:"POST /bot621947128:AAF6O0J0VynvDb3Bi-AewMIig_RxVSA9yQI/sendPhoto?chat_id=97897080 HTTP/1.1" 200 711
INFO:root:(37.53744,55.747063)
DEBUG:requests.packages.urllib3.connectionpool:"GET /bot621947128:AAF6O0J0VynvDb3Bi-AewMIig_RxVSA9yQI/getUpdates?offset=183176866&timeout=20 HTTP/1.1" 200 23
DEBUG:requests.packages.urllib3.connectionpool:"GET /bot621947128:AAF6O0J0VynvDb3Bi-AewMIig_RxVSA9yQI/getUpdates?offset=183176866&timeout=20 HTTP/1.1" 200 23
DEBUG:requests.packages.urllib3.connectionpool:"GET /bot621947128:AAF6O0J0VynvDb3Bi-AewMIig_RxVSA9yQI/getUpdates?offset=183176866&timeout=20 HTTP/1.1" 200 23
DEBUG:requests.packages.urllib3.connectionpool:"GET /bot621947128:AAF6O0J0VynvDb3Bi-AewMIig_RxVSA9yQI/getUpdates?offset=183176866&timeout=20 HTTP/1.1" 200 23
DEBUG:requests.packages.urllib3.connectionpool:"GET /bot621947128:AAF6O0J0VynvDb3Bi-AewMIig_RxVSA9yQI/getUpdates?offset=183176866&timeout=20 HTTP/1.1" 200 23
DEBUG:requests.packages.urllib3.connectionpool:"GET /bot621947128:AAF6O0J0VynvDb3Bi-AewMIig_RxVSA9yQI/getUpdates?offset=183176866&timeout=20 HTTP/1.1" 200 23
DEBUG:requests.packages.urllib3.connectionpool:"GET /bot621947128:AAF6O0J0VynvDb3Bi-AewMIig_RxVSA9yQI/getUpdates?offset=183176866&timeout=20 HTTP/1.1" 200 23
DEBUG:requests.packages.urllib3.connectionpool:"GET /bot621947128:AAF6O0J0VynvDb3Bi-AewMIig_RxVSA9yQI/getUpdates?offset=183176866&timeout=20 HTTP/1.1" 200 23
DEBUG:requests.packages.urllib3.connectionpool:"GET /bot621947128:AAF6O0J0VynvDb3Bi-AewMIig_RxVSA9yQI/getUpdates?offset=183176866&timeout=20 HTTP/1.1" 200 23
DEBUG:requests.packages.urllib3.connectionpool:"GET /bot621947128:AAF6O0J0VynvDb3Bi-AewMIig_RxVSA9yQI/getUpdates?offset=183176866&timeout=20 HTTP/1.1" 200 23
DEBUG:requests.packages.urllib3.connectionpool:"GET /bot621947128:AAF6O0J0VynvDb3Bi-AewMIig_RxVSA9yQI/getUpdates?offset=183176866&timeout=20 HTTP/1.1" 200 23
DEBUG:requests.packages.urllib3.connectionpool:"GET /bot621947128:AAF6O0J0VynvDb3Bi-AewMIig_RxVSA9yQI/getUpdates?offset=183176866&timeout=20 HTTP/1.1" 200 23
DEBUG:requests.packages.urllib3.connectionpool:"GET /bot621947128:AAF6O0J0VynvDb3Bi-AewMIig_RxVSA9yQI/getUpdates?offset=183176866&timeout=20 HTTP/1.1" 200 23
DEBUG:requests.packages.urllib3.connectionpool:"GET /bot621947128:AAF6O0J0VynvDb3Bi-AewMIig_RxVSA9yQI/getUpdates?offset=183176866&timeout=20 HTTP/1.1" 200 23
DEBUG:requests.packages.urllib3.connectionpool:"GET /bot621947128:AAF6O0J0VynvDb3Bi-AewMIig_RxVSA9yQI/getUpdates?offset=183176866&timeout=20 HTTP/1.1" 200 23
DEBUG:requests.packages.urllib3.connectionpool:"GET /bot621947128:AAF6O0J0VynvDb3Bi-AewMIig_RxVSA9yQI/getUpdates?offset=183176866&timeout=20 HTTP/1.1" 200 23
DEBUG:requests.packages.urllib3.connectionpool:"GET /bot621947128:AAF6O0J0VynvDb3Bi-AewMIig_RxVSA9yQI/getUpdates?offset=183176866&timeout=20 HTTP/1.1" 200 23
DEBUG:requests.packages.urllib3.connectionpool:"GET /bot621947128:AAF6O0J0VynvDb3Bi-AewMIig_RxVSA9yQI/getUpdates?offset=183176866&timeout=20 HTTP/1.1" 200 23
INFO:requests.packages.urllib3.connectionpool:Starting new HTTPS connection (1): api.telegram.org
DEBUG:requests.packages.urllib3.connectionpool:"GET /bot621947128:AAF6O0J0VynvDb3Bi-AewMIig_RxVSA9yQI/getUpdates?offset=1&timeout=20 HTTP/1.1" 200 388
INFO:requests.packages.urllib3.connectionpool:Starting new HTTPS connection (1): api.telegram.org
DEBUG:requests.packages.urllib3.connectionpool:"POST /bot621947128:AAF6O0J0VynvDb3Bi-AewMIig_RxVSA9yQI/sendMessage?chat_id=97897080&text=There+are+the+closest+places%3A&reply_to_message_id=403 HTTP/1.1" 200 635
DEBUG:requests.packages.urllib3.connectionpool:"POST /bot621947128:AAF6O0J0VynvDb3Bi-AewMIig_RxVSA9yQI/sendMessage?chat_id=97897080&text=Place+title2+-+Work2&reply_to_message_id=403 HTTP/1.1" 200 626
DEBUG:requests.packages.urllib3.connectionpool:"POST /bot621947128:AAF6O0J0VynvDb3Bi-AewMIig_RxVSA9yQI/sendPhoto?chat_id=97897080 HTTP/1.1" 200 711
INFO:root:(37.53744,55.747063)
ERROR:TeleBot:ValueError occurred, args=('not enough values to unpack (expected 3, got 1)',)
Traceback (most recent call last):
  File "/usr/local/lib/python3.6/site-packages/telebot/util.py", line 59, in run
    task(*args, **kwargs)
  File "/workdir/main.py", line 113, in reply_places_list
    _, __, coordinates = place_location.split(':')
ValueError: not enough values to unpack (expected 3, got 1)

INFO:requests.packages.urllib3.connectionpool:Starting new HTTPS connection (1): api.telegram.org
DEBUG:requests.packages.urllib3.connectionpool:"GET /bot621947128:AAF6O0J0VynvDb3Bi-AewMIig_RxVSA9yQI/getUpdates?offset=1&timeout=20 HTTP/1.1" 200 23
DEBUG:requests.packages.urllib3.connectionpool:"GET /bot621947128:AAF6O0J0VynvDb3Bi-AewMIig_RxVSA9yQI/getUpdates?offset=1&timeout=20 HTTP/1.1" 200 23
DEBUG:requests.packages.urllib3.connectionpool:"GET /bot621947128:AAF6O0J0VynvDb3Bi-AewMIig_RxVSA9yQI/getUpdates?offset=1&timeout=20 HTTP/1.1" 200 23
DEBUG:requests.packages.urllib3.connectionpool:"GET /bot621947128:AAF6O0J0VynvDb3Bi-AewMIig_RxVSA9yQI/getUpdates?offset=1&timeout=20 HTTP/1.1" 200 23
DEBUG:requests.packages.urllib3.connectionpool:"GET /bot621947128:AAF6O0J0VynvDb3Bi-AewMIig_RxVSA9yQI/getUpdates?offset=1&timeout=20 HTTP/1.1" 200 23
DEBUG:requests.packages.urllib3.connectionpool:"GET /bot621947128:AAF6O0J0VynvDb3Bi-AewMIig_RxVSA9yQI/getUpdates?offset=1&timeout=20 HTTP/1.1" 200 23
INFO:requests.packages.urllib3.connectionpool:Starting new HTTPS connection (1): api.telegram.org
DEBUG:requests.packages.urllib3.connectionpool:"GET /bot621947128:AAF6O0J0VynvDb3Bi-AewMIig_RxVSA9yQI/getUpdates?offset=1&timeout=20 HTTP/1.1" 200 388
INFO:requests.packages.urllib3.connectionpool:Starting new HTTPS connection (1): api.telegram.org
DEBUG:requests.packages.urllib3.connectionpool:"POST /bot621947128:AAF6O0J0VynvDb3Bi-AewMIig_RxVSA9yQI/sendMessage?chat_id=97897080&text=There+are+the+closest+places%3A&reply_to_message_id=407 HTTP/1.1" 200 635
DEBUG:requests.packages.urllib3.connectionpool:"POST /bot621947128:AAF6O0J0VynvDb3Bi-AewMIig_RxVSA9yQI/sendMessage?chat_id=97897080&text=Place+title2+-+Work2&reply_to_message_id=407 HTTP/1.1" 200 626
DEBUG:requests.packages.urllib3.connectionpool:"POST /bot621947128:AAF6O0J0VynvDb3Bi-AewMIig_RxVSA9yQI/sendPhoto?chat_id=97897080 HTTP/1.1" 200 711
INFO:root:(37.53744,55.747063)
INFO:root:37.53744 55.747063
DEBUG:requests.packages.urllib3.connectionpool:"GET /bot621947128:AAF6O0J0VynvDb3Bi-AewMIig_RxVSA9yQI/sendLocation?chat_id=97897080&latitude=55.747063&longitude=37.53744 HTTP/1.1" 200 302
DEBUG:requests.packages.urllib3.connectionpool:"GET /bot621947128:AAF6O0J0VynvDb3Bi-AewMIig_RxVSA9yQI/getUpdates?offset=183176868&timeout=20 HTTP/1.1" 200 23
DEBUG:requests.packages.urllib3.connectionpool:"GET /bot621947128:AAF6O0J0VynvDb3Bi-AewMIig_RxVSA9yQI/getUpdates?offset=183176868&timeout=20 HTTP/1.1" 200 23
DEBUG:requests.packages.urllib3.connectionpool:"GET /bot621947128:AAF6O0J0VynvDb3Bi-AewMIig_RxVSA9yQI/getUpdates?offset=183176868&timeout=20 HTTP/1.1" 200 23
DEBUG:requests.packages.urllib3.connectionpool:"GET /bot621947128:AAF6O0J0VynvDb3Bi-AewMIig_RxVSA9yQI/getUpdates?offset=183176868&timeout=20 HTTP/1.1" 200 23
DEBUG:requests.packages.urllib3.connectionpool:"GET /bot621947128:AAF6O0J0VynvDb3Bi-AewMIig_RxVSA9yQI/getUpdates?offset=183176868&timeout=20 HTTP/1.1" 200 23
DEBUG:requests.packages.urllib3.connectionpool:"GET /bot621947128:AAF6O0J0VynvDb3Bi-AewMIig_RxVSA9yQI/getUpdates?offset=183176868&timeout=20 HTTP/1.1" 200 23
DEBUG:requests.packages.urllib3.connectionpool:"GET /bot621947128:AAF6O0J0VynvDb3Bi-AewMIig_RxVSA9yQI/getUpdates?offset=183176868&timeout=20 HTTP/1.1" 200 23
DEBUG:requests.packages.urllib3.connectionpool:"GET /bot621947128:AAF6O0J0VynvDb3Bi-AewMIig_RxVSA9yQI/getUpdates?offset=183176868&timeout=20 HTTP/1.1" 200 23
DEBUG:requests.packages.urllib3.connectionpool:"GET /bot621947128:AAF6O0J0VynvDb3Bi-AewMIig_RxVSA9yQI/getUpdates?offset=183176868&timeout=20 HTTP/1.1" 200 23
DEBUG:requests.packages.urllib3.connectionpool:"GET /bot621947128:AAF6O0J0VynvDb3Bi-AewMIig_RxVSA9yQI/getUpdates?offset=183176868&timeout=20 HTTP/1.1" 200 23
DEBUG:requests.packages.urllib3.connectionpool:"GET /bot621947128:AAF6O0J0VynvDb3Bi-AewMIig_RxVSA9yQI/getUpdates?offset=183176868&timeout=20 HTTP/1.1" 200 23
DEBUG:requests.packages.urllib3.connectionpool:"GET /bot621947128:AAF6O0J0VynvDb3Bi-AewMIig_RxVSA9yQI/getUpdates?offset=183176868&timeout=20 HTTP/1.1" 200 23
DEBUG:requests.packages.urllib3.connectionpool:"GET /bot621947128:AAF6O0J0VynvDb3Bi-AewMIig_RxVSA9yQI/getUpdates?offset=183176868&timeout=20 HTTP/1.1" 200 23
DEBUG:requests.packages.urllib3.connectionpool:"GET /bot621947128:AAF6O0J0VynvDb3Bi-AewMIig_RxVSA9yQI/getUpdates?offset=183176868&timeout=20 HTTP/1.1" 200 23
DEBUG:requests.packages.urllib3.connectionpool:"GET /bot621947128:AAF6O0J0VynvDb3Bi-AewMIig_RxVSA9yQI/getUpdates?offset=183176868&timeout=20 HTTP/1.1" 200 23
DEBUG:requests.packages.urllib3.connectionpool:"GET /bot621947128:AAF6O0J0VynvDb3Bi-AewMIig_RxVSA9yQI/getUpdates?offset=183176868&timeout=20 HTTP/1.1" 200 23
DEBUG:requests.packages.urllib3.connectionpool:"GET /bot621947128:AAF6O0J0VynvDb3Bi-AewMIig_RxVSA9yQI/getUpdates?offset=183176868&timeout=20 HTTP/1.1" 200 23
DEBUG:requests.packages.urllib3.connectionpool:"GET /bot621947128:AAF6O0J0VynvDb3Bi-AewMIig_RxVSA9yQI/getUpdates?offset=183176868&timeout=20 HTTP/1.1" 200 23
DEBUG:requests.packages.urllib3.connectionpool:"GET /bot621947128:AAF6O0J0VynvDb3Bi-AewMIig_RxVSA9yQI/getUpdates?offset=183176868&timeout=20 HTTP/1.1" 200 23
DEBUG:requests.packages.urllib3.connectionpool:"GET /bot621947128:AAF6O0J0VynvDb3Bi-AewMIig_RxVSA9yQI/getUpdates?offset=183176868&timeout=20 HTTP/1.1" 200 23
DEBUG:requests.packages.urllib3.connectionpool:"GET /bot621947128:AAF6O0J0VynvDb3Bi-AewMIig_RxVSA9yQI/getUpdates?offset=183176868&timeout=20 HTTP/1.1" 200 23
DEBUG:requests.packages.urllib3.connectionpool:"GET /bot621947128:AAF6O0J0VynvDb3Bi-AewMIig_RxVSA9yQI/getUpdates?offset=183176868&timeout=20 HTTP/1.1" 200 23
DEBUG:requests.packages.urllib3.connectionpool:"GET /bot621947128:AAF6O0J0VynvDb3Bi-AewMIig_RxVSA9yQI/getUpdates?offset=183176868&timeout=20 HTTP/1.1" 200 23
DEBUG:requests.packages.urllib3.connectionpool:"GET /bot621947128:AAF6O0J0VynvDb3Bi-AewMIig_RxVSA9yQI/getUpdates?offset=183176868&timeout=20 HTTP/1.1" 200 23
DEBUG:requests.packages.urllib3.connectionpool:"GET /bot621947128:AAF6O0J0VynvDb3Bi-AewMIig_RxVSA9yQI/getUpdates?offset=183176868&timeout=20 HTTP/1.1" 200 23
DEBUG:requests.packages.urllib3.connectionpool:"GET /bot621947128:AAF6O0J0VynvDb3Bi-AewMIig_RxVSA9yQI/getUpdates?offset=183176868&timeout=20 HTTP/1.1" 200 23
DEBUG:requests.packages.urllib3.connectionpool:"GET /bot621947128:AAF6O0J0VynvDb3Bi-AewMIig_RxVSA9yQI/getUpdates?offset=183176868&timeout=20 HTTP/1.1" 200 23
DEBUG:requests.packages.urllib3.connectionpool:"GET /bot621947128:AAF6O0J0VynvDb3Bi-AewMIig_RxVSA9yQI/getUpdates?offset=183176868&timeout=20 HTTP/1.1" 200 23
DEBUG:requests.packages.urllib3.connectionpool:"GET /bot621947128:AAF6O0J0VynvDb3Bi-AewMIig_RxVSA9yQI/getUpdates?offset=183176868&timeout=20 HTTP/1.1" 200 23
DEBUG:requests.packages.urllib3.connectionpool:"GET /bot621947128:AAF6O0J0VynvDb3Bi-AewMIig_RxVSA9yQI/getUpdates?offset=183176868&timeout=20 HTTP/1.1" 200 23
DEBUG:requests.packages.urllib3.connectionpool:"GET /bot621947128:AAF6O0J0VynvDb3Bi-AewMIig_RxVSA9yQI/getUpdates?offset=183176868&timeout=20 HTTP/1.1" 200 23
DEBUG:requests.packages.urllib3.connectionpool:"GET /bot621947128:AAF6O0J0VynvDb3Bi-AewMIig_RxVSA9yQI/getUpdates?offset=183176868&timeout=20 HTTP/1.1" 200 23
DEBUG:requests.packages.urllib3.connectionpool:"GET /bot621947128:AAF6O0J0VynvDb3Bi-AewMIig_RxVSA9yQI/getUpdates?offset=183176868&timeout=20 HTTP/1.1" 200 23
DEBUG:requests.packages.urllib3.connectionpool:"GET /bot621947128:AAF6O0J0VynvDb3Bi-AewMIig_RxVSA9yQI/getUpdates?offset=183176868&timeout=20 HTTP/1.1" 200 23
DEBUG:requests.packages.urllib3.connectionpool:"GET /bot621947128:AAF6O0J0VynvDb3Bi-AewMIig_RxVSA9yQI/getUpdates?offset=183176868&timeout=20 HTTP/1.1" 200 23
DEBUG:requests.packages.urllib3.connectionpool:"GET /bot621947128:AAF6O0J0VynvDb3Bi-AewMIig_RxVSA9yQI/getUpdates?offset=183176868&timeout=20 HTTP/1.1" 200 23
DEBUG:requests.packages.urllib3.connectionpool:"GET /bot621947128:AAF6O0J0VynvDb3Bi-AewMIig_RxVSA9yQI/getUpdates?offset=183176868&timeout=20 HTTP/1.1" 200 23
DEBUG:requests.packages.urllib3.connectionpool:"GET /bot621947128:AAF6O0J0VynvDb3Bi-AewMIig_RxVSA9yQI/getUpdates?offset=183176868&timeout=20 HTTP/1.1" 200 23
DEBUG:requests.packages.urllib3.connectionpool:"GET /bot621947128:AAF6O0J0VynvDb3Bi-AewMIig_RxVSA9yQI/getUpdates?offset=183176868&timeout=20 HTTP/1.1" 200 23
DEBUG:requests.packages.urllib3.connectionpool:"GET /bot621947128:AAF6O0J0VynvDb3Bi-AewMIig_RxVSA9yQI/getUpdates?offset=183176868&timeout=20 HTTP/1.1" 200 23
DEBUG:requests.packages.urllib3.connectionpool:"GET /bot621947128:AAF6O0J0VynvDb3Bi-AewMIig_RxVSA9yQI/getUpdates?offset=183176868&timeout=20 HTTP/1.1" 200 23
DEBUG:requests.packages.urllib3.connectionpool:"GET /bot621947128:AAF6O0J0VynvDb3Bi-AewMIig_RxVSA9yQI/getUpdates?offset=183176868&timeout=20 HTTP/1.1" 200 23
DEBUG:requests.packages.urllib3.connectionpool:"GET /bot621947128:AAF6O0J0VynvDb3Bi-AewMIig_RxVSA9yQI/getUpdates?offset=183176868&timeout=20 HTTP/1.1" 200 23
DEBUG:requests.packages.urllib3.connectionpool:"GET /bot621947128:AAF6O0J0VynvDb3Bi-AewMIig_RxVSA9yQI/getUpdates?offset=183176868&timeout=20 HTTP/1.1" 200 23
DEBUG:requests.packages.urllib3.connectionpool:"GET /bot621947128:AAF6O0J0VynvDb3Bi-AewMIig_RxVSA9yQI/getUpdates?offset=183176868&timeout=20 HTTP/1.1" 200 23
DEBUG:requests.packages.urllib3.connectionpool:"GET /bot621947128:AAF6O0J0VynvDb3Bi-AewMIig_RxVSA9yQI/getUpdates?offset=183176868&timeout=20 HTTP/1.1" 200 23
DEBUG:requests.packages.urllib3.connectionpool:"GET /bot621947128:AAF6O0J0VynvDb3Bi-AewMIig_RxVSA9yQI/getUpdates?offset=183176868&timeout=20 HTTP/1.1" 200 23
DEBUG:requests.packages.urllib3.connectionpool:"GET /bot621947128:AAF6O0J0VynvDb3Bi-AewMIig_RxVSA9yQI/getUpdates?offset=183176868&timeout=20 HTTP/1.1" 200 23
DEBUG:requests.packages.urllib3.connectionpool:"GET /bot621947128:AAF6O0J0VynvDb3Bi-AewMIig_RxVSA9yQI/getUpdates?offset=183176868&timeout=20 HTTP/1.1" 200 23
DEBUG:requests.packages.urllib3.connectionpool:"GET /bot621947128:AAF6O0J0VynvDb3Bi-AewMIig_RxVSA9yQI/getUpdates?offset=183176868&timeout=20 HTTP/1.1" 200 23
DEBUG:requests.packages.urllib3.connectionpool:"GET /bot621947128:AAF6O0J0VynvDb3Bi-AewMIig_RxVSA9yQI/getUpdates?offset=183176868&timeout=20 HTTP/1.1" 200 23
DEBUG:requests.packages.urllib3.connectionpool:"GET /bot621947128:AAF6O0J0VynvDb3Bi-AewMIig_RxVSA9yQI/getUpdates?offset=183176868&timeout=20 HTTP/1.1" 200 23
DEBUG:requests.packages.urllib3.connectionpool:"GET /bot621947128:AAF6O0J0VynvDb3Bi-AewMIig_RxVSA9yQI/getUpdates?offset=183176868&timeout=20 HTTP/1.1" 200 23
DEBUG:requests.packages.urllib3.connectionpool:"GET /bot621947128:AAF6O0J0VynvDb3Bi-AewMIig_RxVSA9yQI/getUpdates?offset=183176868&timeout=20 HTTP/1.1" 200 23
DEBUG:requests.packages.urllib3.connectionpool:"GET /bot621947128:AAF6O0J0VynvDb3Bi-AewMIig_RxVSA9yQI/getUpdates?offset=183176868&timeout=20 HTTP/1.1" 200 23
DEBUG:requests.packages.urllib3.connectionpool:"GET /bot621947128:AAF6O0J0VynvDb3Bi-AewMIig_RxVSA9yQI/getUpdates?offset=183176868&timeout=20 HTTP/1.1" 200 23
DEBUG:requests.packages.urllib3.connectionpool:"GET /bot621947128:AAF6O0J0VynvDb3Bi-AewMIig_RxVSA9yQI/getUpdates?offset=183176868&timeout=20 HTTP/1.1" 200 23
DEBUG:requests.packages.urllib3.connectionpool:"GET /bot621947128:AAF6O0J0VynvDb3Bi-AewMIig_RxVSA9yQI/getUpdates?offset=183176868&timeout=20 HTTP/1.1" 200 23
DEBUG:requests.packages.urllib3.connectionpool:"GET /bot621947128:AAF6O0J0VynvDb3Bi-AewMIig_RxVSA9yQI/getUpdates?offset=183176868&timeout=20 HTTP/1.1" 200 23
DEBUG:requests.packages.urllib3.connectionpool:"GET /bot621947128:AAF6O0J0VynvDb3Bi-AewMIig_RxVSA9yQI/getUpdates?offset=183176868&timeout=20 HTTP/1.1" 200 23
DEBUG:requests.packages.urllib3.connectionpool:"GET /bot621947128:AAF6O0J0VynvDb3Bi-AewMIig_RxVSA9yQI/getUpdates?offset=183176868&timeout=20 HTTP/1.1" 200 23
DEBUG:requests.packages.urllib3.connectionpool:"GET /bot621947128:AAF6O0J0VynvDb3Bi-AewMIig_RxVSA9yQI/getUpdates?offset=183176868&timeout=20 HTTP/1.1" 200 23
DEBUG:requests.packages.urllib3.connectionpool:"GET /bot621947128:AAF6O0J0VynvDb3Bi-AewMIig_RxVSA9yQI/getUpdates?offset=183176868&timeout=20 HTTP/1.1" 200 23
DEBUG:requests.packages.urllib3.connectionpool:"GET /bot621947128:AAF6O0J0VynvDb3Bi-AewMIig_RxVSA9yQI/getUpdates?offset=183176868&timeout=20 HTTP/1.1" 200 23
DEBUG:requests.packages.urllib3.connectionpool:"GET /bot621947128:AAF6O0J0VynvDb3Bi-AewMIig_RxVSA9yQI/getUpdates?offset=183176868&timeout=20 HTTP/1.1" 200 23
DEBUG:requests.packages.urllib3.connectionpool:"GET /bot621947128:AAF6O0J0VynvDb3Bi-AewMIig_RxVSA9yQI/getUpdates?offset=183176868&timeout=20 HTTP/1.1" 200 23
DEBUG:requests.packages.urllib3.connectionpool:"GET /bot621947128:AAF6O0J0VynvDb3Bi-AewMIig_RxVSA9yQI/getUpdates?offset=183176868&timeout=20 HTTP/1.1" 200 23
DEBUG:requests.packages.urllib3.connectionpool:"GET /bot621947128:AAF6O0J0VynvDb3Bi-AewMIig_RxVSA9yQI/getUpdates?offset=183176868&timeout=20 HTTP/1.1" 200 23
DEBUG:requests.packages.urllib3.connectionpool:"GET /bot621947128:AAF6O0J0VynvDb3Bi-AewMIig_RxVSA9yQI/getUpdates?offset=183176868&timeout=20 HTTP/1.1" 200 23
DEBUG:requests.packages.urllib3.connectionpool:"GET /bot621947128:AAF6O0J0VynvDb3Bi-AewMIig_RxVSA9yQI/getUpdates?offset=183176868&timeout=20 HTTP/1.1" 200 23
DEBUG:requests.packages.urllib3.connectionpool:"GET /bot621947128:AAF6O0J0VynvDb3Bi-AewMIig_RxVSA9yQI/getUpdates?offset=183176868&timeout=20 HTTP/1.1" 200 23
DEBUG:requests.packages.urllib3.connectionpool:"GET /bot621947128:AAF6O0J0VynvDb3Bi-AewMIig_RxVSA9yQI/getUpdates?offset=183176868&timeout=20 HTTP/1.1" 200 23
DEBUG:requests.packages.urllib3.connectionpool:"GET /bot621947128:AAF6O0J0VynvDb3Bi-AewMIig_RxVSA9yQI/getUpdates?offset=183176868&timeout=20 HTTP/1.1" 200 23
DEBUG:requests.packages.urllib3.connectionpool:"GET /bot621947128:AAF6O0J0VynvDb3Bi-AewMIig_RxVSA9yQI/getUpdates?offset=183176868&timeout=20 HTTP/1.1" 200 23
DEBUG:requests.packages.urllib3.connectionpool:"GET /bot621947128:AAF6O0J0VynvDb3Bi-AewMIig_RxVSA9yQI/getUpdates?offset=183176868&timeout=20 HTTP/1.1" 200 23
DEBUG:requests.packages.urllib3.connectionpool:"GET /bot621947128:AAF6O0J0VynvDb3Bi-AewMIig_RxVSA9yQI/getUpdates?offset=183176868&timeout=20 HTTP/1.1" 200 23
DEBUG:requests.packages.urllib3.connectionpool:"GET /bot621947128:AAF6O0J0VynvDb3Bi-AewMIig_RxVSA9yQI/getUpdates?offset=183176868&timeout=20 HTTP/1.1" 200 23
DEBUG:requests.packages.urllib3.connectionpool:"GET /bot621947128:AAF6O0J0VynvDb3Bi-AewMIig_RxVSA9yQI/getUpdates?offset=183176868&timeout=20 HTTP/1.1" 200 23
DEBUG:requests.packages.urllib3.connectionpool:"GET /bot621947128:AAF6O0J0VynvDb3Bi-AewMIig_RxVSA9yQI/getUpdates?offset=183176868&timeout=20 HTTP/1.1" 200 23
DEBUG:requests.packages.urllib3.connectionpool:"GET /bot621947128:AAF6O0J0VynvDb3Bi-AewMIig_RxVSA9yQI/getUpdates?offset=183176868&timeout=20 HTTP/1.1" 200 23
DEBUG:requests.packages.urllib3.connectionpool:"GET /bot621947128:AAF6O0J0VynvDb3Bi-AewMIig_RxVSA9yQI/getUpdates?offset=183176868&timeout=20 HTTP/1.1" 200 23
DEBUG:requests.packages.urllib3.connectionpool:"GET /bot621947128:AAF6O0J0VynvDb3Bi-AewMIig_RxVSA9yQI/getUpdates?offset=183176868&timeout=20 HTTP/1.1" 200 23
DEBUG:requests.packages.urllib3.connectionpool:"GET /bot621947128:AAF6O0J0VynvDb3Bi-AewMIig_RxVSA9yQI/getUpdates?offset=183176868&timeout=20 HTTP/1.1" 200 23
DEBUG:requests.packages.urllib3.connectionpool:"GET /bot621947128:AAF6O0J0VynvDb3Bi-AewMIig_RxVSA9yQI/getUpdates?offset=183176868&timeout=20 HTTP/1.1" 200 23
DEBUG:requests.packages.urllib3.connectionpool:"GET /bot621947128:AAF6O0J0VynvDb3Bi-AewMIig_RxVSA9yQI/getUpdates?offset=183176868&timeout=20 HTTP/1.1" 200 23
DEBUG:requests.packages.urllib3.connectionpool:"GET /bot621947128:AAF6O0J0VynvDb3Bi-AewMIig_RxVSA9yQI/getUpdates?offset=183176868&timeout=20 HTTP/1.1" 200 23
DEBUG:requests.packages.urllib3.connectionpool:"GET /bot621947128:AAF6O0J0VynvDb3Bi-AewMIig_RxVSA9yQI/getUpdates?offset=183176868&timeout=20 HTTP/1.1" 200 23
DEBUG:requests.packages.urllib3.connectionpool:"GET /bot621947128:AAF6O0J0VynvDb3Bi-AewMIig_RxVSA9yQI/getUpdates?offset=183176868&timeout=20 HTTP/1.1" 200 23
DEBUG:requests.packages.urllib3.connectionpool:"GET /bot621947128:AAF6O0J0VynvDb3Bi-AewMIig_RxVSA9yQI/getUpdates?offset=183176868&timeout=20 HTTP/1.1" 200 23
DEBUG:requests.packages.urllib3.connectionpool:"GET /bot621947128:AAF6O0J0VynvDb3Bi-AewMIig_RxVSA9yQI/getUpdates?offset=183176868&timeout=20 HTTP/1.1" 200 23
DEBUG:requests.packages.urllib3.connectionpool:"GET /bot621947128:AAF6O0J0VynvDb3Bi-AewMIig_RxVSA9yQI/getUpdates?offset=183176868&timeout=20 HTTP/1.1" 200 23
DEBUG:requests.packages.urllib3.connectionpool:"GET /bot621947128:AAF6O0J0VynvDb3Bi-AewMIig_RxVSA9yQI/getUpdates?offset=183176868&timeout=20 HTTP/1.1" 200 23
DEBUG:requests.packages.urllib3.connectionpool:"GET /bot621947128:AAF6O0J0VynvDb3Bi-AewMIig_RxVSA9yQI/getUpdates?offset=183176868&timeout=20 HTTP/1.1" 200 23
DEBUG:requests.packages.urllib3.connectionpool:"GET /bot621947128:AAF6O0J0VynvDb3Bi-AewMIig_RxVSA9yQI/getUpdates?offset=183176868&timeout=20 HTTP/1.1" 200 23
DEBUG:requests.packages.urllib3.connectionpool:"GET /bot621947128:AAF6O0J0VynvDb3Bi-AewMIig_RxVSA9yQI/getUpdates?offset=183176868&timeout=20 HTTP/1.1" 200 23
DEBUG:requests.packages.urllib3.connectionpool:"GET /bot621947128:AAF6O0J0VynvDb3Bi-AewMIig_RxVSA9yQI/getUpdates?offset=183176868&timeout=20 HTTP/1.1" 200 23
DEBUG:requests.packages.urllib3.connectionpool:"GET /bot621947128:AAF6O0J0VynvDb3Bi-AewMIig_RxVSA9yQI/getUpdates?offset=183176868&timeout=20 HTTP/1.1" 200 23
DEBUG:requests.packages.urllib3.connectionpool:"GET /bot621947128:AAF6O0J0VynvDb3Bi-AewMIig_RxVSA9yQI/getUpdates?offset=183176868&timeout=20 HTTP/1.1" 200 23
DEBUG:requests.packages.urllib3.connectionpool:"GET /bot621947128:AAF6O0J0VynvDb3Bi-AewMIig_RxVSA9yQI/getUpdates?offset=183176868&timeout=20 HTTP/1.1" 200 23
INFO:requests.packages.urllib3.connectionpool:Resetting dropped connection: api.telegram.org
DEBUG:requests.packages.urllib3.connectionpool:"GET /bot621947128:AAF6O0J0VynvDb3Bi-AewMIig_RxVSA9yQI/getUpdates?offset=183176868&timeout=20 HTTP/1.1" 200 23
DEBUG:requests.packages.urllib3.connectionpool:"GET /bot621947128:AAF6O0J0VynvDb3Bi-AewMIig_RxVSA9yQI/getUpdates?offset=183176868&timeout=20 HTTP/1.1" 200 23
DEBUG:requests.packages.urllib3.connectionpool:"GET /bot621947128:AAF6O0J0VynvDb3Bi-AewMIig_RxVSA9yQI/getUpdates?offset=183176868&timeout=20 HTTP/1.1" 200 23
DEBUG:requests.packages.urllib3.connectionpool:"GET /bot621947128:AAF6O0J0VynvDb3Bi-AewMIig_RxVSA9yQI/getUpdates?offset=183176868&timeout=20 HTTP/1.1" 200 23
INFO:requests.packages.urllib3.connectionpool:Starting new HTTPS connection (1): api.telegram.org
DEBUG:requests.packages.urllib3.connectionpool:"GET /bot621947128:AAF6O0J0VynvDb3Bi-AewMIig_RxVSA9yQI/getUpdates?offset=1&timeout=20 HTTP/1.1" 200 388
ERROR:TeleBot:TypeError occurred, args=("get_user_list() missing 2 required positional arguments: 'longitude' and 'latitude'",)
Traceback (most recent call last):
  File "/usr/local/lib/python3.6/site-packages/telebot/util.py", line 59, in run
    task(*args, **kwargs)
  File "/workdir/main.py", line 104, in reply_places_list
    stored_places = db.get_user_list(message.chat.id)
TypeError: get_user_list() missing 2 required positional arguments: 'longitude' and 'latitude'

INFO:requests.packages.urllib3.connectionpool:Starting new HTTPS connection (1): api.telegram.org
DEBUG:requests.packages.urllib3.connectionpool:"GET /bot621947128:AAF6O0J0VynvDb3Bi-AewMIig_RxVSA9yQI/getUpdates?offset=1&timeout=20 HTTP/1.1" 200 23
DEBUG:requests.packages.urllib3.connectionpool:"GET /bot621947128:AAF6O0J0VynvDb3Bi-AewMIig_RxVSA9yQI/getUpdates?offset=1&timeout=20 HTTP/1.1" 200 23
DEBUG:requests.packages.urllib3.connectionpool:"GET /bot621947128:AAF6O0J0VynvDb3Bi-AewMIig_RxVSA9yQI/getUpdates?offset=1&timeout=20 HTTP/1.1" 200 23
DEBUG:requests.packages.urllib3.connectionpool:"GET /bot621947128:AAF6O0J0VynvDb3Bi-AewMIig_RxVSA9yQI/getUpdates?offset=1&timeout=20 HTTP/1.1" 200 23
DEBUG:requests.packages.urllib3.connectionpool:"GET /bot621947128:AAF6O0J0VynvDb3Bi-AewMIig_RxVSA9yQI/getUpdates?offset=1&timeout=20 HTTP/1.1" 200 23
DEBUG:requests.packages.urllib3.connectionpool:"GET /bot621947128:AAF6O0J0VynvDb3Bi-AewMIig_RxVSA9yQI/getUpdates?offset=1&timeout=20 HTTP/1.1" 200 23
DEBUG:requests.packages.urllib3.connectionpool:"GET /bot621947128:AAF6O0J0VynvDb3Bi-AewMIig_RxVSA9yQI/getUpdates?offset=1&timeout=20 HTTP/1.1" 200 23
DEBUG:requests.packages.urllib3.connectionpool:"GET /bot621947128:AAF6O0J0VynvDb3Bi-AewMIig_RxVSA9yQI/getUpdates?offset=1&timeout=20 HTTP/1.1" 200 23
DEBUG:requests.packages.urllib3.connectionpool:"GET /bot621947128:AAF6O0J0VynvDb3Bi-AewMIig_RxVSA9yQI/getUpdates?offset=1&timeout=20 HTTP/1.1" 200 23
DEBUG:requests.packages.urllib3.connectionpool:"GET /bot621947128:AAF6O0J0VynvDb3Bi-AewMIig_RxVSA9yQI/getUpdates?offset=1&timeout=20 HTTP/1.1" 200 23
DEBUG:requests.packages.urllib3.connectionpool:"GET /bot621947128:AAF6O0J0VynvDb3Bi-AewMIig_RxVSA9yQI/getUpdates?offset=1&timeout=20 HTTP/1.1" 200 23
DEBUG:requests.packages.urllib3.connectionpool:"GET /bot621947128:AAF6O0J0VynvDb3Bi-AewMIig_RxVSA9yQI/getUpdates?offset=1&timeout=20 HTTP/1.1" 200 23
DEBUG:requests.packages.urllib3.connectionpool:"GET /bot621947128:AAF6O0J0VynvDb3Bi-AewMIig_RxVSA9yQI/getUpdates?offset=1&timeout=20 HTTP/1.1" 200 23
DEBUG:requests.packages.urllib3.connectionpool:"GET /bot621947128:AAF6O0J0VynvDb3Bi-AewMIig_RxVSA9yQI/getUpdates?offset=1&timeout=20 HTTP/1.1" 200 23
DEBUG:requests.packages.urllib3.connectionpool:"GET /bot621947128:AAF6O0J0VynvDb3Bi-AewMIig_RxVSA9yQI/getUpdates?offset=1&timeout=20 HTTP/1.1" 200 23
DEBUG:requests.packages.urllib3.connectionpool:"GET /bot621947128:AAF6O0J0VynvDb3Bi-AewMIig_RxVSA9yQI/getUpdates?offset=1&timeout=20 HTTP/1.1" 200 23
DEBUG:requests.packages.urllib3.connectionpool:"GET /bot621947128:AAF6O0J0VynvDb3Bi-AewMIig_RxVSA9yQI/getUpdates?offset=1&timeout=20 HTTP/1.1" 200 23
DEBUG:requests.packages.urllib3.connectionpool:"GET /bot621947128:AAF6O0J0VynvDb3Bi-AewMIig_RxVSA9yQI/getUpdates?offset=1&timeout=20 HTTP/1.1" 200 23
DEBUG:requests.packages.urllib3.connectionpool:"GET /bot621947128:AAF6O0J0VynvDb3Bi-AewMIig_RxVSA9yQI/getUpdates?offset=1&timeout=20 HTTP/1.1" 200 23
DEBUG:requests.packages.urllib3.connectionpool:"GET /bot621947128:AAF6O0J0VynvDb3Bi-AewMIig_RxVSA9yQI/getUpdates?offset=1&timeout=20 HTTP/1.1" 200 23
DEBUG:requests.packages.urllib3.connectionpool:"GET /bot621947128:AAF6O0J0VynvDb3Bi-AewMIig_RxVSA9yQI/getUpdates?offset=1&timeout=20 HTTP/1.1" 200 23
DEBUG:requests.packages.urllib3.connectionpool:"GET /bot621947128:AAF6O0J0VynvDb3Bi-AewMIig_RxVSA9yQI/getUpdates?offset=1&timeout=20 HTTP/1.1" 200 23
DEBUG:requests.packages.urllib3.connectionpool:"GET /bot621947128:AAF6O0J0VynvDb3Bi-AewMIig_RxVSA9yQI/getUpdates?offset=1&timeout=20 HTTP/1.1" 200 23
DEBUG:requests.packages.urllib3.connectionpool:"GET /bot621947128:AAF6O0J0VynvDb3Bi-AewMIig_RxVSA9yQI/getUpdates?offset=1&timeout=20 HTTP/1.1" 200 23
DEBUG:requests.packages.urllib3.connectionpool:"GET /bot621947128:AAF6O0J0VynvDb3Bi-AewMIig_RxVSA9yQI/getUpdates?offset=1&timeout=20 HTTP/1.1" 200 23
DEBUG:requests.packages.urllib3.connectionpool:"GET /bot621947128:AAF6O0J0VynvDb3Bi-AewMIig_RxVSA9yQI/getUpdates?offset=1&timeout=20 HTTP/1.1" 200 23
DEBUG:requests.packages.urllib3.connectionpool:"GET /bot621947128:AAF6O0J0VynvDb3Bi-AewMIig_RxVSA9yQI/getUpdates?offset=1&timeout=20 HTTP/1.1" 200 23
DEBUG:requests.packages.urllib3.connectionpool:"GET /bot621947128:AAF6O0J0VynvDb3Bi-AewMIig_RxVSA9yQI/getUpdates?offset=1&timeout=20 HTTP/1.1" 200 23
DEBUG:requests.packages.urllib3.connectionpool:"GET /bot621947128:AAF6O0J0VynvDb3Bi-AewMIig_RxVSA9yQI/getUpdates?offset=1&timeout=20 HTTP/1.1" 200 23
DEBUG:requests.packages.urllib3.connectionpool:"GET /bot621947128:AAF6O0J0VynvDb3Bi-AewMIig_RxVSA9yQI/getUpdates?offset=1&timeout=20 HTTP/1.1" 200 23
DEBUG:requests.packages.urllib3.connectionpool:"GET /bot621947128:AAF6O0J0VynvDb3Bi-AewMIig_RxVSA9yQI/getUpdates?offset=1&timeout=20 HTTP/1.1" 200 23
DEBUG:requests.packages.urllib3.connectionpool:"GET /bot621947128:AAF6O0J0VynvDb3Bi-AewMIig_RxVSA9yQI/getUpdates?offset=1&timeout=20 HTTP/1.1" 200 23
DEBUG:requests.packages.urllib3.connectionpool:"GET /bot621947128:AAF6O0J0VynvDb3Bi-AewMIig_RxVSA9yQI/getUpdates?offset=1&timeout=20 HTTP/1.1" 200 23
INFO:requests.packages.urllib3.connectionpool:Starting new HTTPS connection (1): api.telegram.org
DEBUG:requests.packages.urllib3.connectionpool:"GET /bot621947128:AAF6O0J0VynvDb3Bi-AewMIig_RxVSA9yQI/getUpdates?offset=1&timeout=20 HTTP/1.1" 200 387
DEBUG:requests.packages.urllib3.connectionpool:"GET /bot621947128:AAF6O0J0VynvDb3Bi-AewMIig_RxVSA9yQI/getUpdates?offset=183176870&timeout=20 HTTP/1.1" 200 23
DEBUG:requests.packages.urllib3.connectionpool:"GET /bot621947128:AAF6O0J0VynvDb3Bi-AewMIig_RxVSA9yQI/getUpdates?offset=183176870&timeout=20 HTTP/1.1" 200 23
DEBUG:requests.packages.urllib3.connectionpool:"GET /bot621947128:AAF6O0J0VynvDb3Bi-AewMIig_RxVSA9yQI/getUpdates?offset=183176870&timeout=20 HTTP/1.1" 200 23
DEBUG:requests.packages.urllib3.connectionpool:"GET /bot621947128:AAF6O0J0VynvDb3Bi-AewMIig_RxVSA9yQI/getUpdates?offset=183176870&timeout=20 HTTP/1.1" 200 23
INFO:requests.packages.urllib3.connectionpool:Starting new HTTPS connection (1): api.telegram.org
DEBUG:requests.packages.urllib3.connectionpool:"GET /bot621947128:AAF6O0J0VynvDb3Bi-AewMIig_RxVSA9yQI/getUpdates?offset=1&timeout=20 HTTP/1.1" 200 389
INFO:requests.packages.urllib3.connectionpool:Starting new HTTPS connection (1): api.telegram.org
DEBUG:requests.packages.urllib3.connectionpool:"POST /bot621947128:AAF6O0J0VynvDb3Bi-AewMIig_RxVSA9yQI/sendMessage?chat_id=97897080&text=Save+a+place+you+would+like+to+visit&reply_to_message_id=414&reply_markup=%7B%22inline_keyboard%22%3A+%5B%5B%7B%22text%22%3A+%22add+place%22%2C+%22callback_data%22%3A+%22add+place%22%7D%2C+%7B%22text%22%3A+%22my+list%22%2C+%22callback_data%22%3A+%22my+list%22%7D%5D%5D%7D HTTP/1.1" 200 643
DEBUG:requests.packages.urllib3.connectionpool:"GET /bot621947128:AAF6O0J0VynvDb3Bi-AewMIig_RxVSA9yQI/getUpdates?offset=183176871&timeout=20 HTTP/1.1" 200 388
DEBUG:requests.packages.urllib3.connectionpool:"POST /bot621947128:AAF6O0J0VynvDb3Bi-AewMIig_RxVSA9yQI/sendMessage?chat_id=97897080&text=Please%2C+load+your+location.&reply_to_message_id=416 HTTP/1.1" 200 633
DEBUG:requests.packages.urllib3.connectionpool:"GET /bot621947128:AAF6O0J0VynvDb3Bi-AewMIig_RxVSA9yQI/getUpdates?offset=183176872&timeout=20 HTTP/1.1" 200 388
INFO:requests.packages.urllib3.connectionpool:Starting new HTTPS connection (1): api.telegram.org
DEBUG:requests.packages.urllib3.connectionpool:"POST /bot621947128:AAF6O0J0VynvDb3Bi-AewMIig_RxVSA9yQI/sendMessage?chat_id=97897080&text=Adding+has+been+stopped.&reply_to_message_id=418 HTTP/1.1" 200 630
DEBUG:requests.packages.urllib3.connectionpool:"GET /bot621947128:AAF6O0J0VynvDb3Bi-AewMIig_RxVSA9yQI/getUpdates?offset=183176873&timeout=20 HTTP/1.1" 200 388
DEBUG:requests.packages.urllib3.connectionpool:"POST /bot621947128:AAF6O0J0VynvDb3Bi-AewMIig_RxVSA9yQI/sendMessage?chat_id=97897080&text=Please%2C+load+your+location.&reply_to_message_id=420 HTTP/1.1" 200 633
DEBUG:requests.packages.urllib3.connectionpool:"GET /bot621947128:AAF6O0J0VynvDb3Bi-AewMIig_RxVSA9yQI/getUpdates?offset=183176874&timeout=20 HTTP/1.1" 200 371
DEBUG:requests.packages.urllib3.connectionpool:"POST /bot621947128:AAF6O0J0VynvDb3Bi-AewMIig_RxVSA9yQI/sendMessage?chat_id=97897080&text=There+are+the+closest+places%3A&reply_to_message_id=422 HTTP/1.1" 200 618
DEBUG:requests.packages.urllib3.connectionpool:"POST /bot621947128:AAF6O0J0VynvDb3Bi-AewMIig_RxVSA9yQI/sendMessage?chat_id=97897080&text=Place+title2+-+Work&reply_to_message_id=422 HTTP/1.1" 200 608
DEBUG:requests.packages.urllib3.connectionpool:"POST /bot621947128:AAF6O0J0VynvDb3Bi-AewMIig_RxVSA9yQI/sendPhoto?chat_id=97897080 HTTP/1.1" 200 709
DEBUG:requests.packages.urllib3.connectionpool:"GET /bot621947128:AAF6O0J0VynvDb3Bi-AewMIig_RxVSA9yQI/sendLocation?chat_id=97897080&latitude=55.747063&longitude=37.53744 HTTP/1.1" 200 302
DEBUG:requests.packages.urllib3.connectionpool:"POST /bot621947128:AAF6O0J0VynvDb3Bi-AewMIig_RxVSA9yQI/sendMessage?chat_id=97897080&text=Place+title2+-+Work2&reply_to_message_id=422 HTTP/1.1" 200 609
DEBUG:requests.packages.urllib3.connectionpool:"POST /bot621947128:AAF6O0J0VynvDb3Bi-AewMIig_RxVSA9yQI/sendPhoto?chat_id=97897080 HTTP/1.1" 200 711
DEBUG:requests.packages.urllib3.connectionpool:"GET /bot621947128:AAF6O0J0VynvDb3Bi-AewMIig_RxVSA9yQI/sendLocation?chat_id=97897080&latitude=55.747063&longitude=37.53744 HTTP/1.1" 200 302
DEBUG:requests.packages.urllib3.connectionpool:"GET /bot621947128:AAF6O0J0VynvDb3Bi-AewMIig_RxVSA9yQI/getUpdates?offset=183176875&timeout=20 HTTP/1.1" 200 23
DEBUG:requests.packages.urllib3.connectionpool:"GET /bot621947128:AAF6O0J0VynvDb3Bi-AewMIig_RxVSA9yQI/getUpdates?offset=183176875&timeout=20 HTTP/1.1" 200 388
DEBUG:requests.packages.urllib3.connectionpool:"POST /bot621947128:AAF6O0J0VynvDb3Bi-AewMIig_RxVSA9yQI/sendMessage?chat_id=97897080&text=Please%2C+load+your+location.&reply_to_message_id=430 HTTP/1.1" 200 633
DEBUG:requests.packages.urllib3.connectionpool:"GET /bot621947128:AAF6O0J0VynvDb3Bi-AewMIig_RxVSA9yQI/getUpdates?offset=183176876&timeout=20 HTTP/1.1" 200 23
DEBUG:requests.packages.urllib3.connectionpool:"GET /bot621947128:AAF6O0J0VynvDb3Bi-AewMIig_RxVSA9yQI/getUpdates?offset=183176876&timeout=20 HTTP/1.1" 200 23
DEBUG:requests.packages.urllib3.connectionpool:"GET /bot621947128:AAF6O0J0VynvDb3Bi-AewMIig_RxVSA9yQI/getUpdates?offset=183176876&timeout=20 HTTP/1.1" 200 23
DEBUG:requests.packages.urllib3.connectionpool:"GET /bot621947128:AAF6O0J0VynvDb3Bi-AewMIig_RxVSA9yQI/getUpdates?offset=183176876&timeout=20 HTTP/1.1" 200 23
DEBUG:requests.packages.urllib3.connectionpool:"GET /bot621947128:AAF6O0J0VynvDb3Bi-AewMIig_RxVSA9yQI/getUpdates?offset=183176876&timeout=20 HTTP/1.1" 200 23
DEBUG:requests.packages.urllib3.connectionpool:"GET /bot621947128:AAF6O0J0VynvDb3Bi-AewMIig_RxVSA9yQI/getUpdates?offset=183176876&timeout=20 HTTP/1.1" 200 371
DEBUG:requests.packages.urllib3.connectionpool:"POST /bot621947128:AAF6O0J0VynvDb3Bi-AewMIig_RxVSA9yQI/sendMessage?chat_id=97897080&text=There+are+the+closest+places%3A&reply_to_message_id=432 HTTP/1.1" 200 618
DEBUG:requests.packages.urllib3.connectionpool:"POST /bot621947128:AAF6O0J0VynvDb3Bi-AewMIig_RxVSA9yQI/sendMessage?chat_id=97897080&text=Place+title2+-+Work&reply_to_message_id=432 HTTP/1.1" 200 608
DEBUG:requests.packages.urllib3.connectionpool:"POST /bot621947128:AAF6O0J0VynvDb3Bi-AewMIig_RxVSA9yQI/sendPhoto?chat_id=97897080 HTTP/1.1" 200 709
DEBUG:requests.packages.urllib3.connectionpool:"GET /bot621947128:AAF6O0J0VynvDb3Bi-AewMIig_RxVSA9yQI/sendLocation?chat_id=97897080&latitude=55.747063&longitude=37.53744 HTTP/1.1" 200 302
DEBUG:requests.packages.urllib3.connectionpool:"POST /bot621947128:AAF6O0J0VynvDb3Bi-AewMIig_RxVSA9yQI/sendMessage?chat_id=97897080&text=Place+title2+-+Work2&reply_to_message_id=432 HTTP/1.1" 200 609
DEBUG:requests.packages.urllib3.connectionpool:"POST /bot621947128:AAF6O0J0VynvDb3Bi-AewMIig_RxVSA9yQI/sendPhoto?chat_id=97897080 HTTP/1.1" 200 711
DEBUG:requests.packages.urllib3.connectionpool:"GET /bot621947128:AAF6O0J0VynvDb3Bi-AewMIig_RxVSA9yQI/sendLocation?chat_id=97897080&latitude=55.747063&longitude=37.53744 HTTP/1.1" 200 302
DEBUG:requests.packages.urllib3.connectionpool:"GET /bot621947128:AAF6O0J0VynvDb3Bi-AewMIig_RxVSA9yQI/getUpdates?offset=183176877&timeout=20 HTTP/1.1" 200 23
DEBUG:requests.packages.urllib3.connectionpool:"GET /bot621947128:AAF6O0J0VynvDb3Bi-AewMIig_RxVSA9yQI/getUpdates?offset=183176877&timeout=20 HTTP/1.1" 200 23
DEBUG:requests.packages.urllib3.connectionpool:"GET /bot621947128:AAF6O0J0VynvDb3Bi-AewMIig_RxVSA9yQI/getUpdates?offset=183176877&timeout=20 HTTP/1.1" 200 23
INFO:requests.packages.urllib3.connectionpool:Starting new HTTPS connection (1): api.telegram.org
DEBUG:requests.packages.urllib3.connectionpool:"GET /bot621947128:AAF6O0J0VynvDb3Bi-AewMIig_RxVSA9yQI/getUpdates?offset=1&timeout=20 HTTP/1.1" 200 388
INFO:requests.packages.urllib3.connectionpool:Starting new HTTPS connection (1): api.telegram.org
DEBUG:requests.packages.urllib3.connectionpool:"POST /bot621947128:AAF6O0J0VynvDb3Bi-AewMIig_RxVSA9yQI/sendMessage?chat_id=97897080&text=Please%2C+load+your+location.&reply_to_message_id=440 HTTP/1.1" 200 633
DEBUG:requests.packages.urllib3.connectionpool:"GET /bot621947128:AAF6O0J0VynvDb3Bi-AewMIig_RxVSA9yQI/getUpdates?offset=183176878&timeout=20 HTTP/1.1" 200 23
DEBUG:requests.packages.urllib3.connectionpool:"GET /bot621947128:AAF6O0J0VynvDb3Bi-AewMIig_RxVSA9yQI/getUpdates?offset=183176878&timeout=20 HTTP/1.1" 200 371
INFO:root:37.507923, 55.77083
INFO:requests.packages.urllib3.connectionpool:Starting new HTTPS connection (1): api.telegram.org
DEBUG:requests.packages.urllib3.connectionpool:"POST /bot621947128:AAF6O0J0VynvDb3Bi-AewMIig_RxVSA9yQI/sendMessage?chat_id=97897080&text=There+are+the+closest+places%3A&reply_to_message_id=442 HTTP/1.1" 200 618
DEBUG:requests.packages.urllib3.connectionpool:"POST /bot621947128:AAF6O0J0VynvDb3Bi-AewMIig_RxVSA9yQI/sendMessage?chat_id=97897080&text=Place+title2+-+Work&reply_to_message_id=442 HTTP/1.1" 200 608
DEBUG:requests.packages.urllib3.connectionpool:"POST /bot621947128:AAF6O0J0VynvDb3Bi-AewMIig_RxVSA9yQI/sendPhoto?chat_id=97897080 HTTP/1.1" 200 709
DEBUG:requests.packages.urllib3.connectionpool:"GET /bot621947128:AAF6O0J0VynvDb3Bi-AewMIig_RxVSA9yQI/sendLocation?chat_id=97897080&latitude=55.747063&longitude=37.53744 HTTP/1.1" 200 302
DEBUG:requests.packages.urllib3.connectionpool:"POST /bot621947128:AAF6O0J0VynvDb3Bi-AewMIig_RxVSA9yQI/sendMessage?chat_id=97897080&text=Place+title2+-+Work2&reply_to_message_id=442 HTTP/1.1" 200 609
DEBUG:requests.packages.urllib3.connectionpool:"POST /bot621947128:AAF6O0J0VynvDb3Bi-AewMIig_RxVSA9yQI/sendPhoto?chat_id=97897080 HTTP/1.1" 200 711
DEBUG:requests.packages.urllib3.connectionpool:"GET /bot621947128:AAF6O0J0VynvDb3Bi-AewMIig_RxVSA9yQI/sendLocation?chat_id=97897080&latitude=55.747063&longitude=37.53744 HTTP/1.1" 200 302
DEBUG:requests.packages.urllib3.connectionpool:"GET /bot621947128:AAF6O0J0VynvDb3Bi-AewMIig_RxVSA9yQI/getUpdates?offset=183176879&timeout=20 HTTP/1.1" 200 23
DEBUG:requests.packages.urllib3.connectionpool:"GET /bot621947128:AAF6O0J0VynvDb3Bi-AewMIig_RxVSA9yQI/getUpdates?offset=183176879&timeout=20 HTTP/1.1" 200 23
DEBUG:requests.packages.urllib3.connectionpool:"GET /bot621947128:AAF6O0J0VynvDb3Bi-AewMIig_RxVSA9yQI/getUpdates?offset=183176879&timeout=20 HTTP/1.1" 200 23
DEBUG:requests.packages.urllib3.connectionpool:"GET /bot621947128:AAF6O0J0VynvDb3Bi-AewMIig_RxVSA9yQI/getUpdates?offset=183176879&timeout=20 HTTP/1.1" 200 388
DEBUG:requests.packages.urllib3.connectionpool:"POST /bot621947128:AAF6O0J0VynvDb3Bi-AewMIig_RxVSA9yQI/sendMessage?chat_id=97897080&text=Please%2C+load+your+location.&reply_to_message_id=450 HTTP/1.1" 200 633
DEBUG:requests.packages.urllib3.connectionpool:"GET /bot621947128:AAF6O0J0VynvDb3Bi-AewMIig_RxVSA9yQI/getUpdates?offset=183176880&timeout=20 HTTP/1.1" 200 371
INFO:root:37.546256, 55.791153
DEBUG:requests.packages.urllib3.connectionpool:"POST /bot621947128:AAF6O0J0VynvDb3Bi-AewMIig_RxVSA9yQI/sendMessage?chat_id=97897080&text=There+are+the+closest+places%3A&reply_to_message_id=452 HTTP/1.1" 200 618
DEBUG:requests.packages.urllib3.connectionpool:"POST /bot621947128:AAF6O0J0VynvDb3Bi-AewMIig_RxVSA9yQI/sendMessage?chat_id=97897080&text=Place+title2+-+Work&reply_to_message_id=452 HTTP/1.1" 200 608
DEBUG:requests.packages.urllib3.connectionpool:"POST /bot621947128:AAF6O0J0VynvDb3Bi-AewMIig_RxVSA9yQI/sendPhoto?chat_id=97897080 HTTP/1.1" 200 709
DEBUG:requests.packages.urllib3.connectionpool:"GET /bot621947128:AAF6O0J0VynvDb3Bi-AewMIig_RxVSA9yQI/sendLocation?chat_id=97897080&latitude=55.747063&longitude=37.53744 HTTP/1.1" 200 302
DEBUG:requests.packages.urllib3.connectionpool:"POST /bot621947128:AAF6O0J0VynvDb3Bi-AewMIig_RxVSA9yQI/sendMessage?chat_id=97897080&text=Place+title2+-+Work2&reply_to_message_id=452 HTTP/1.1" 200 609
DEBUG:requests.packages.urllib3.connectionpool:"POST /bot621947128:AAF6O0J0VynvDb3Bi-AewMIig_RxVSA9yQI/sendPhoto?chat_id=97897080 HTTP/1.1" 200 711
DEBUG:requests.packages.urllib3.connectionpool:"GET /bot621947128:AAF6O0J0VynvDb3Bi-AewMIig_RxVSA9yQI/sendLocation?chat_id=97897080&latitude=55.747063&longitude=37.53744 HTTP/1.1" 200 302
DEBUG:requests.packages.urllib3.connectionpool:"GET /bot621947128:AAF6O0J0VynvDb3Bi-AewMIig_RxVSA9yQI/getUpdates?offset=183176881&timeout=20 HTTP/1.1" 200 23
DEBUG:requests.packages.urllib3.connectionpool:"GET /bot621947128:AAF6O0J0VynvDb3Bi-AewMIig_RxVSA9yQI/getUpdates?offset=183176881&timeout=20 HTTP/1.1" 200 23
DEBUG:requests.packages.urllib3.connectionpool:"GET /bot621947128:AAF6O0J0VynvDb3Bi-AewMIig_RxVSA9yQI/getUpdates?offset=183176881&timeout=20 HTTP/1.1" 200 23
DEBUG:requests.packages.urllib3.connectionpool:"GET /bot621947128:AAF6O0J0VynvDb3Bi-AewMIig_RxVSA9yQI/getUpdates?offset=183176881&timeout=20 HTTP/1.1" 200 23
DEBUG:requests.packages.urllib3.connectionpool:"GET /bot621947128:AAF6O0J0VynvDb3Bi-AewMIig_RxVSA9yQI/getUpdates?offset=183176881&timeout=20 HTTP/1.1" 200 23
DEBUG:requests.packages.urllib3.connectionpool:"GET /bot621947128:AAF6O0J0VynvDb3Bi-AewMIig_RxVSA9yQI/getUpdates?offset=183176881&timeout=20 HTTP/1.1" 200 23
DEBUG:requests.packages.urllib3.connectionpool:"GET /bot621947128:AAF6O0J0VynvDb3Bi-AewMIig_RxVSA9yQI/getUpdates?offset=183176881&timeout=20 HTTP/1.1" 200 23
DEBUG:requests.packages.urllib3.connectionpool:"GET /bot621947128:AAF6O0J0VynvDb3Bi-AewMIig_RxVSA9yQI/getUpdates?offset=183176881&timeout=20 HTTP/1.1" 200 23
DEBUG:requests.packages.urllib3.connectionpool:"GET /bot621947128:AAF6O0J0VynvDb3Bi-AewMIig_RxVSA9yQI/getUpdates?offset=183176881&timeout=20 HTTP/1.1" 200 23
DEBUG:requests.packages.urllib3.connectionpool:"GET /bot621947128:AAF6O0J0VynvDb3Bi-AewMIig_RxVSA9yQI/getUpdates?offset=183176881&timeout=20 HTTP/1.1" 200 23
DEBUG:requests.packages.urllib3.connectionpool:"GET /bot621947128:AAF6O0J0VynvDb3Bi-AewMIig_RxVSA9yQI/getUpdates?offset=183176881&timeout=20 HTTP/1.1" 200 23
DEBUG:requests.packages.urllib3.connectionpool:"GET /bot621947128:AAF6O0J0VynvDb3Bi-AewMIig_RxVSA9yQI/getUpdates?offset=183176881&timeout=20 HTTP/1.1" 200 23
DEBUG:requests.packages.urllib3.connectionpool:"GET /bot621947128:AAF6O0J0VynvDb3Bi-AewMIig_RxVSA9yQI/getUpdates?offset=183176881&timeout=20 HTTP/1.1" 200 23
DEBUG:requests.packages.urllib3.connectionpool:"GET /bot621947128:AAF6O0J0VynvDb3Bi-AewMIig_RxVSA9yQI/getUpdates?offset=183176881&timeout=20 HTTP/1.1" 200 23
DEBUG:requests.packages.urllib3.connectionpool:"GET /bot621947128:AAF6O0J0VynvDb3Bi-AewMIig_RxVSA9yQI/getUpdates?offset=183176881&timeout=20 HTTP/1.1" 200 23
DEBUG:requests.packages.urllib3.connectionpool:"GET /bot621947128:AAF6O0J0VynvDb3Bi-AewMIig_RxVSA9yQI/getUpdates?offset=183176881&timeout=20 HTTP/1.1" 200 23
DEBUG:requests.packages.urllib3.connectionpool:"GET /bot621947128:AAF6O0J0VynvDb3Bi-AewMIig_RxVSA9yQI/getUpdates?offset=183176881&timeout=20 HTTP/1.1" 200 23
DEBUG:requests.packages.urllib3.connectionpool:"GET /bot621947128:AAF6O0J0VynvDb3Bi-AewMIig_RxVSA9yQI/getUpdates?offset=183176881&timeout=20 HTTP/1.1" 200 23
DEBUG:requests.packages.urllib3.connectionpool:"GET /bot621947128:AAF6O0J0VynvDb3Bi-AewMIig_RxVSA9yQI/getUpdates?offset=183176881&timeout=20 HTTP/1.1" 200 23
DEBUG:requests.packages.urllib3.connectionpool:"GET /bot621947128:AAF6O0J0VynvDb3Bi-AewMIig_RxVSA9yQI/getUpdates?offset=183176881&timeout=20 HTTP/1.1" 200 23
DEBUG:requests.packages.urllib3.connectionpool:"GET /bot621947128:AAF6O0J0VynvDb3Bi-AewMIig_RxVSA9yQI/getUpdates?offset=183176881&timeout=20 HTTP/1.1" 200 23
DEBUG:requests.packages.urllib3.connectionpool:"GET /bot621947128:AAF6O0J0VynvDb3Bi-AewMIig_RxVSA9yQI/getUpdates?offset=183176881&timeout=20 HTTP/1.1" 200 23
DEBUG:requests.packages.urllib3.connectionpool:"GET /bot621947128:AAF6O0J0VynvDb3Bi-AewMIig_RxVSA9yQI/getUpdates?offset=183176881&timeout=20 HTTP/1.1" 200 23
DEBUG:requests.packages.urllib3.connectionpool:"GET /bot621947128:AAF6O0J0VynvDb3Bi-AewMIig_RxVSA9yQI/getUpdates?offset=183176881&timeout=20 HTTP/1.1" 200 23
DEBUG:requests.packages.urllib3.connectionpool:"GET /bot621947128:AAF6O0J0VynvDb3Bi-AewMIig_RxVSA9yQI/getUpdates?offset=183176881&timeout=20 HTTP/1.1" 200 23
DEBUG:requests.packages.urllib3.connectionpool:"GET /bot621947128:AAF6O0J0VynvDb3Bi-AewMIig_RxVSA9yQI/getUpdates?offset=183176881&timeout=20 HTTP/1.1" 200 23
DEBUG:requests.packages.urllib3.connectionpool:"GET /bot621947128:AAF6O0J0VynvDb3Bi-AewMIig_RxVSA9yQI/getUpdates?offset=183176881&timeout=20 HTTP/1.1" 200 23
DEBUG:requests.packages.urllib3.connectionpool:"GET /bot621947128:AAF6O0J0VynvDb3Bi-AewMIig_RxVSA9yQI/getUpdates?offset=183176881&timeout=20 HTTP/1.1" 200 23
DEBUG:requests.packages.urllib3.connectionpool:"GET /bot621947128:AAF6O0J0VynvDb3Bi-AewMIig_RxVSA9yQI/getUpdates?offset=183176881&timeout=20 HTTP/1.1" 200 23
DEBUG:requests.packages.urllib3.connectionpool:"GET /bot621947128:AAF6O0J0VynvDb3Bi-AewMIig_RxVSA9yQI/getUpdates?offset=183176881&timeout=20 HTTP/1.1" 200 23
DEBUG:requests.packages.urllib3.connectionpool:"GET /bot621947128:AAF6O0J0VynvDb3Bi-AewMIig_RxVSA9yQI/getUpdates?offset=183176881&timeout=20 HTTP/1.1" 200 23
DEBUG:requests.packages.urllib3.connectionpool:"GET /bot621947128:AAF6O0J0VynvDb3Bi-AewMIig_RxVSA9yQI/getUpdates?offset=183176881&timeout=20 HTTP/1.1" 200 23
DEBUG:requests.packages.urllib3.connectionpool:"GET /bot621947128:AAF6O0J0VynvDb3Bi-AewMIig_RxVSA9yQI/getUpdates?offset=183176881&timeout=20 HTTP/1.1" 200 23
DEBUG:requests.packages.urllib3.connectionpool:"GET /bot621947128:AAF6O0J0VynvDb3Bi-AewMIig_RxVSA9yQI/getUpdates?offset=183176881&timeout=20 HTTP/1.1" 200 23
DEBUG:requests.packages.urllib3.connectionpool:"GET /bot621947128:AAF6O0J0VynvDb3Bi-AewMIig_RxVSA9yQI/getUpdates?offset=183176881&timeout=20 HTTP/1.1" 200 23
DEBUG:requests.packages.urllib3.connectionpool:"GET /bot621947128:AAF6O0J0VynvDb3Bi-AewMIig_RxVSA9yQI/getUpdates?offset=183176881&timeout=20 HTTP/1.1" 200 23
DEBUG:requests.packages.urllib3.connectionpool:"GET /bot621947128:AAF6O0J0VynvDb3Bi-AewMIig_RxVSA9yQI/getUpdates?offset=183176881&timeout=20 HTTP/1.1" 200 23
DEBUG:requests.packages.urllib3.connectionpool:"GET /bot621947128:AAF6O0J0VynvDb3Bi-AewMIig_RxVSA9yQI/getUpdates?offset=183176881&timeout=20 HTTP/1.1" 200 23
DEBUG:requests.packages.urllib3.connectionpool:"GET /bot621947128:AAF6O0J0VynvDb3Bi-AewMIig_RxVSA9yQI/getUpdates?offset=183176881&timeout=20 HTTP/1.1" 200 23
DEBUG:requests.packages.urllib3.connectionpool:"GET /bot621947128:AAF6O0J0VynvDb3Bi-AewMIig_RxVSA9yQI/getUpdates?offset=183176881&timeout=20 HTTP/1.1" 200 23
DEBUG:requests.packages.urllib3.connectionpool:"GET /bot621947128:AAF6O0J0VynvDb3Bi-AewMIig_RxVSA9yQI/getUpdates?offset=183176881&timeout=20 HTTP/1.1" 200 23
DEBUG:requests.packages.urllib3.connectionpool:"GET /bot621947128:AAF6O0J0VynvDb3Bi-AewMIig_RxVSA9yQI/getUpdates?offset=183176881&timeout=20 HTTP/1.1" 200 23
DEBUG:requests.packages.urllib3.connectionpool:"GET /bot621947128:AAF6O0J0VynvDb3Bi-AewMIig_RxVSA9yQI/getUpdates?offset=183176881&timeout=20 HTTP/1.1" 200 23
DEBUG:requests.packages.urllib3.connectionpool:"GET /bot621947128:AAF6O0J0VynvDb3Bi-AewMIig_RxVSA9yQI/getUpdates?offset=183176881&timeout=20 HTTP/1.1" 200 23
DEBUG:requests.packages.urllib3.connectionpool:"GET /bot621947128:AAF6O0J0VynvDb3Bi-AewMIig_RxVSA9yQI/getUpdates?offset=183176881&timeout=20 HTTP/1.1" 200 23
DEBUG:requests.packages.urllib3.connectionpool:"GET /bot621947128:AAF6O0J0VynvDb3Bi-AewMIig_RxVSA9yQI/getUpdates?offset=183176881&timeout=20 HTTP/1.1" 200 23
DEBUG:requests.packages.urllib3.connectionpool:"GET /bot621947128:AAF6O0J0VynvDb3Bi-AewMIig_RxVSA9yQI/getUpdates?offset=183176881&timeout=20 HTTP/1.1" 200 23
DEBUG:requests.packages.urllib3.connectionpool:"GET /bot621947128:AAF6O0J0VynvDb3Bi-AewMIig_RxVSA9yQI/getUpdates?offset=183176881&timeout=20 HTTP/1.1" 200 23
DEBUG:requests.packages.urllib3.connectionpool:"GET /bot621947128:AAF6O0J0VynvDb3Bi-AewMIig_RxVSA9yQI/getUpdates?offset=183176881&timeout=20 HTTP/1.1" 200 23
DEBUG:requests.packages.urllib3.connectionpool:"GET /bot621947128:AAF6O0J0VynvDb3Bi-AewMIig_RxVSA9yQI/getUpdates?offset=183176881&timeout=20 HTTP/1.1" 200 23
DEBUG:requests.packages.urllib3.connectionpool:"GET /bot621947128:AAF6O0J0VynvDb3Bi-AewMIig_RxVSA9yQI/getUpdates?offset=183176881&timeout=20 HTTP/1.1" 200 23
DEBUG:requests.packages.urllib3.connectionpool:"GET /bot621947128:AAF6O0J0VynvDb3Bi-AewMIig_RxVSA9yQI/getUpdates?offset=183176881&timeout=20 HTTP/1.1" 200 23
DEBUG:requests.packages.urllib3.connectionpool:"GET /bot621947128:AAF6O0J0VynvDb3Bi-AewMIig_RxVSA9yQI/getUpdates?offset=183176881&timeout=20 HTTP/1.1" 200 23
DEBUG:requests.packages.urllib3.connectionpool:"GET /bot621947128:AAF6O0J0VynvDb3Bi-AewMIig_RxVSA9yQI/getUpdates?offset=183176881&timeout=20 HTTP/1.1" 200 23
DEBUG:requests.packages.urllib3.connectionpool:"GET /bot621947128:AAF6O0J0VynvDb3Bi-AewMIig_RxVSA9yQI/getUpdates?offset=183176881&timeout=20 HTTP/1.1" 200 23
DEBUG:requests.packages.urllib3.connectionpool:"GET /bot621947128:AAF6O0J0VynvDb3Bi-AewMIig_RxVSA9yQI/getUpdates?offset=183176881&timeout=20 HTTP/1.1" 200 23
DEBUG:requests.packages.urllib3.connectionpool:"GET /bot621947128:AAF6O0J0VynvDb3Bi-AewMIig_RxVSA9yQI/getUpdates?offset=183176881&timeout=20 HTTP/1.1" 200 23
DEBUG:requests.packages.urllib3.connectionpool:"GET /bot621947128:AAF6O0J0VynvDb3Bi-AewMIig_RxVSA9yQI/getUpdates?offset=183176881&timeout=20 HTTP/1.1" 200 23
DEBUG:requests.packages.urllib3.connectionpool:"GET /bot621947128:AAF6O0J0VynvDb3Bi-AewMIig_RxVSA9yQI/getUpdates?offset=183176881&timeout=20 HTTP/1.1" 200 23
DEBUG:requests.packages.urllib3.connectionpool:"GET /bot621947128:AAF6O0J0VynvDb3Bi-AewMIig_RxVSA9yQI/getUpdates?offset=183176881&timeout=20 HTTP/1.1" 200 23
DEBUG:requests.packages.urllib3.connectionpool:"GET /bot621947128:AAF6O0J0VynvDb3Bi-AewMIig_RxVSA9yQI/getUpdates?offset=183176881&timeout=20 HTTP/1.1" 200 23
DEBUG:requests.packages.urllib3.connectionpool:"GET /bot621947128:AAF6O0J0VynvDb3Bi-AewMIig_RxVSA9yQI/getUpdates?offset=183176881&timeout=20 HTTP/1.1" 200 23
DEBUG:requests.packages.urllib3.connectionpool:"GET /bot621947128:AAF6O0J0VynvDb3Bi-AewMIig_RxVSA9yQI/getUpdates?offset=183176881&timeout=20 HTTP/1.1" 200 23
DEBUG:requests.packages.urllib3.connectionpool:"GET /bot621947128:AAF6O0J0VynvDb3Bi-AewMIig_RxVSA9yQI/getUpdates?offset=183176881&timeout=20 HTTP/1.1" 200 23
DEBUG:requests.packages.urllib3.connectionpool:"GET /bot621947128:AAF6O0J0VynvDb3Bi-AewMIig_RxVSA9yQI/getUpdates?offset=183176881&timeout=20 HTTP/1.1" 200 23
DEBUG:requests.packages.urllib3.connectionpool:"GET /bot621947128:AAF6O0J0VynvDb3Bi-AewMIig_RxVSA9yQI/getUpdates?offset=183176881&timeout=20 HTTP/1.1" 200 23
DEBUG:requests.packages.urllib3.connectionpool:"GET /bot621947128:AAF6O0J0VynvDb3Bi-AewMIig_RxVSA9yQI/getUpdates?offset=183176881&timeout=20 HTTP/1.1" 200 23
DEBUG:requests.packages.urllib3.connectionpool:"GET /bot621947128:AAF6O0J0VynvDb3Bi-AewMIig_RxVSA9yQI/getUpdates?offset=183176881&timeout=20 HTTP/1.1" 200 23
DEBUG:requests.packages.urllib3.connectionpool:"GET /bot621947128:AAF6O0J0VynvDb3Bi-AewMIig_RxVSA9yQI/getUpdates?offset=183176881&timeout=20 HTTP/1.1" 200 23
DEBUG:requests.packages.urllib3.connectionpool:"GET /bot621947128:AAF6O0J0VynvDb3Bi-AewMIig_RxVSA9yQI/getUpdates?offset=183176881&timeout=20 HTTP/1.1" 200 23
DEBUG:requests.packages.urllib3.connectionpool:"GET /bot621947128:AAF6O0J0VynvDb3Bi-AewMIig_RxVSA9yQI/getUpdates?offset=183176881&timeout=20 HTTP/1.1" 200 23
DEBUG:requests.packages.urllib3.connectionpool:"GET /bot621947128:AAF6O0J0VynvDb3Bi-AewMIig_RxVSA9yQI/getUpdates?offset=183176881&timeout=20 HTTP/1.1" 200 389
INFO:requests.packages.urllib3.connectionpool:Resetting dropped connection: api.telegram.org
DEBUG:requests.packages.urllib3.connectionpool:"POST /bot621947128:AAF6O0J0VynvDb3Bi-AewMIig_RxVSA9yQI/sendMessage?chat_id=97897080&text=Your+places+have+been+deleted%21&reply_to_message_id=460 HTTP/1.1" 200 637
DEBUG:requests.packages.urllib3.connectionpool:"GET /bot621947128:AAF6O0J0VynvDb3Bi-AewMIig_RxVSA9yQI/getUpdates?offset=183176882&timeout=20 HTTP/1.1" 200 23
INFO:requests.packages.urllib3.connectionpool:Starting new HTTPS connection (1): api.telegram.org
DEBUG:requests.packages.urllib3.connectionpool:"GET /bot621947128:AAF6O0J0VynvDb3Bi-AewMIig_RxVSA9yQI/getUpdates?offset=1&timeout=20 HTTP/1.1" 200 23
DEBUG:requests.packages.urllib3.connectionpool:"GET /bot621947128:AAF6O0J0VynvDb3Bi-AewMIig_RxVSA9yQI/getUpdates?offset=1&timeout=20 HTTP/1.1" 200 23
DEBUG:requests.packages.urllib3.connectionpool:"GET /bot621947128:AAF6O0J0VynvDb3Bi-AewMIig_RxVSA9yQI/getUpdates?offset=1&timeout=20 HTTP/1.1" 200 23
DEBUG:requests.packages.urllib3.connectionpool:"GET /bot621947128:AAF6O0J0VynvDb3Bi-AewMIig_RxVSA9yQI/getUpdates?offset=1&timeout=20 HTTP/1.1" 200 23
DEBUG:requests.packages.urllib3.connectionpool:"GET /bot621947128:AAF6O0J0VynvDb3Bi-AewMIig_RxVSA9yQI/getUpdates?offset=1&timeout=20 HTTP/1.1" 200 23
DEBUG:requests.packages.urllib3.connectionpool:"GET /bot621947128:AAF6O0J0VynvDb3Bi-AewMIig_RxVSA9yQI/getUpdates?offset=1&timeout=20 HTTP/1.1" 200 23
DEBUG:requests.packages.urllib3.connectionpool:"GET /bot621947128:AAF6O0J0VynvDb3Bi-AewMIig_RxVSA9yQI/getUpdates?offset=1&timeout=20 HTTP/1.1" 200 23
DEBUG:requests.packages.urllib3.connectionpool:"GET /bot621947128:AAF6O0J0VynvDb3Bi-AewMIig_RxVSA9yQI/getUpdates?offset=1&timeout=20 HTTP/1.1" 200 23
DEBUG:requests.packages.urllib3.connectionpool:"GET /bot621947128:AAF6O0J0VynvDb3Bi-AewMIig_RxVSA9yQI/getUpdates?offset=1&timeout=20 HTTP/1.1" 200 23
DEBUG:requests.packages.urllib3.connectionpool:"GET /bot621947128:AAF6O0J0VynvDb3Bi-AewMIig_RxVSA9yQI/getUpdates?offset=1&timeout=20 HTTP/1.1" 200 387
INFO:requests.packages.urllib3.connectionpool:Starting new HTTPS connection (1): api.telegram.org
DEBUG:requests.packages.urllib3.connectionpool:"POST /bot621947128:AAF6O0J0VynvDb3Bi-AewMIig_RxVSA9yQI/sendMessage?chat_id=97897080&text=Please%2C+input+a+title+of+the+place.&reply_to_message_id=462 HTTP/1.1" 200 640
DEBUG:requests.packages.urllib3.connectionpool:"GET /bot621947128:AAF6O0J0VynvDb3Bi-AewMIig_RxVSA9yQI/getUpdates?offset=183176883&timeout=20 HTTP/1.1" 200 329
DEBUG:requests.packages.urllib3.connectionpool:"POST /bot621947128:AAF6O0J0VynvDb3Bi-AewMIig_RxVSA9yQI/sendMessage?chat_id=97897080&text=Please%2C+load+a+photo+of+a+place+you+want+to+add.+%28%2Fstop+to+interrupt+adding%29&reply_to_message_id=464 HTTP/1.1" 200 682
DEBUG:requests.packages.urllib3.connectionpool:"GET /bot621947128:AAF6O0J0VynvDb3Bi-AewMIig_RxVSA9yQI/getUpdates?offset=183176884&timeout=20 HTTP/1.1" 200 23
DEBUG:requests.packages.urllib3.connectionpool:"GET /bot621947128:AAF6O0J0VynvDb3Bi-AewMIig_RxVSA9yQI/getUpdates?offset=183176884&timeout=20 HTTP/1.1" 200 789
INFO:requests.packages.urllib3.connectionpool:Starting new HTTPS connection (1): api.telegram.org
DEBUG:requests.packages.urllib3.connectionpool:"GET /bot621947128:AAF6O0J0VynvDb3Bi-AewMIig_RxVSA9yQI/getFile?file_id=AgADAgADBKsxG7bq-Ei0vWr-Qf-xCfieOQ8ABOZD_fhOvwPiFgABBgABAg HTTP/1.1" 200 144
INFO:requests.packages.urllib3.connectionpool:Starting new HTTPS connection (1): api.telegram.org
DEBUG:requests.packages.urllib3.connectionpool:"GET /file/bot621947128:AAF6O0J0VynvDb3Bi-AewMIig_RxVSA9yQI/photos/file_4.jpg HTTP/1.1" 200 325885
DEBUG:requests.packages.urllib3.connectionpool:"POST /bot621947128:AAF6O0J0VynvDb3Bi-AewMIig_RxVSA9yQI/sendMessage?chat_id=97897080&text=Please%2C+load+your+location.&reply_to_message_id=466 HTTP/1.1" 200 1034
DEBUG:requests.packages.urllib3.connectionpool:"GET /bot621947128:AAF6O0J0VynvDb3Bi-AewMIig_RxVSA9yQI/getUpdates?offset=183176885&timeout=20 HTTP/1.1" 200 371
DEBUG:requests.packages.urllib3.connectionpool:"POST /bot621947128:AAF6O0J0VynvDb3Bi-AewMIig_RxVSA9yQI/sendMessage?chat_id=97897080&text=Please%2C+confirm+the+adding%3A+yes%2Fno&reply_to_message_id=468 HTTP/1.1" 200 623
DEBUG:requests.packages.urllib3.connectionpool:"GET /bot621947128:AAF6O0J0VynvDb3Bi-AewMIig_RxVSA9yQI/getUpdates?offset=183176886&timeout=20 HTTP/1.1" 200 328
DEBUG:requests.packages.urllib3.connectionpool:"POST /bot621947128:AAF6O0J0VynvDb3Bi-AewMIig_RxVSA9yQI/sendMessage?chat_id=97897080&text=The+place+has+been+successfully+stored.&reply_to_message_id=470 HTTP/1.1" 200 585
DEBUG:requests.packages.urllib3.connectionpool:"GET /bot621947128:AAF6O0J0VynvDb3Bi-AewMIig_RxVSA9yQI/getUpdates?offset=183176887&timeout=20 HTTP/1.1" 200 388
DEBUG:requests.packages.urllib3.connectionpool:"POST /bot621947128:AAF6O0J0VynvDb3Bi-AewMIig_RxVSA9yQI/sendMessage?chat_id=97897080&text=Please%2C+load+your+location.&reply_to_message_id=472 HTTP/1.1" 200 633
DEBUG:requests.packages.urllib3.connectionpool:"GET /bot621947128:AAF6O0J0VynvDb3Bi-AewMIig_RxVSA9yQI/getUpdates?offset=183176888&timeout=20 HTTP/1.1" 200 371
INFO:root:37.539121, 55.74813
DEBUG:requests.packages.urllib3.connectionpool:"POST /bot621947128:AAF6O0J0VynvDb3Bi-AewMIig_RxVSA9yQI/sendMessage?chat_id=97897080&text=There+are+the+closest+places%3A&reply_to_message_id=474 HTTP/1.1" 200 618
DEBUG:requests.packages.urllib3.connectionpool:"POST /bot621947128:AAF6O0J0VynvDb3Bi-AewMIig_RxVSA9yQI/sendMessage?chat_id=97897080&text=Place+title2+-+Work&reply_to_message_id=474 HTTP/1.1" 200 608
DEBUG:requests.packages.urllib3.connectionpool:"POST /bot621947128:AAF6O0J0VynvDb3Bi-AewMIig_RxVSA9yQI/sendPhoto?chat_id=97897080 HTTP/1.1" 200 711
DEBUG:requests.packages.urllib3.connectionpool:"GET /bot621947128:AAF6O0J0VynvDb3Bi-AewMIig_RxVSA9yQI/sendLocation?chat_id=97897080&latitude=37.539121&longitude=55.74813 HTTP/1.1" 200 302
DEBUG:requests.packages.urllib3.connectionpool:"GET /bot621947128:AAF6O0J0VynvDb3Bi-AewMIig_RxVSA9yQI/getUpdates?offset=183176889&timeout=20 HTTP/1.1" 200 388
DEBUG:requests.packages.urllib3.connectionpool:"POST /bot621947128:AAF6O0J0VynvDb3Bi-AewMIig_RxVSA9yQI/sendMessage?chat_id=97897080&text=Please%2C+load+your+location.&reply_to_message_id=479 HTTP/1.1" 200 633
DEBUG:requests.packages.urllib3.connectionpool:"GET /bot621947128:AAF6O0J0VynvDb3Bi-AewMIig_RxVSA9yQI/getUpdates?offset=183176890&timeout=20 HTTP/1.1" 200 23
DEBUG:requests.packages.urllib3.connectionpool:"GET /bot621947128:AAF6O0J0VynvDb3Bi-AewMIig_RxVSA9yQI/getUpdates?offset=183176890&timeout=20 HTTP/1.1" 200 371
INFO:root:37.501082, 55.768562
DEBUG:requests.packages.urllib3.connectionpool:"POST /bot621947128:AAF6O0J0VynvDb3Bi-AewMIig_RxVSA9yQI/sendMessage?chat_id=97897080&text=There+are+the+closest+places%3A&reply_to_message_id=481 HTTP/1.1" 200 618
DEBUG:requests.packages.urllib3.connectionpool:"POST /bot621947128:AAF6O0J0VynvDb3Bi-AewMIig_RxVSA9yQI/sendMessage?chat_id=97897080&text=Place+title2+-+Work&reply_to_message_id=481 HTTP/1.1" 200 608
DEBUG:requests.packages.urllib3.connectionpool:"POST /bot621947128:AAF6O0J0VynvDb3Bi-AewMIig_RxVSA9yQI/sendPhoto?chat_id=97897080 HTTP/1.1" 200 711
DEBUG:requests.packages.urllib3.connectionpool:"GET /bot621947128:AAF6O0J0VynvDb3Bi-AewMIig_RxVSA9yQI/sendLocation?chat_id=97897080&latitude=37.539121&longitude=55.74813 HTTP/1.1" 200 302
DEBUG:requests.packages.urllib3.connectionpool:"GET /bot621947128:AAF6O0J0VynvDb3Bi-AewMIig_RxVSA9yQI/getUpdates?offset=183176891&timeout=20 HTTP/1.1" 200 23
DEBUG:requests.packages.urllib3.connectionpool:"GET /bot621947128:AAF6O0J0VynvDb3Bi-AewMIig_RxVSA9yQI/getUpdates?offset=183176891&timeout=20 HTTP/1.1" 200 23
DEBUG:requests.packages.urllib3.connectionpool:"GET /bot621947128:AAF6O0J0VynvDb3Bi-AewMIig_RxVSA9yQI/getUpdates?offset=183176891&timeout=20 HTTP/1.1" 200 23
DEBUG:requests.packages.urllib3.connectionpool:"GET /bot621947128:AAF6O0J0VynvDb3Bi-AewMIig_RxVSA9yQI/getUpdates?offset=183176891&timeout=20 HTTP/1.1" 200 23
DEBUG:requests.packages.urllib3.connectionpool:"GET /bot621947128:AAF6O0J0VynvDb3Bi-AewMIig_RxVSA9yQI/getUpdates?offset=183176891&timeout=20 HTTP/1.1" 200 23
DEBUG:requests.packages.urllib3.connectionpool:"GET /bot621947128:AAF6O0J0VynvDb3Bi-AewMIig_RxVSA9yQI/getUpdates?offset=183176891&timeout=20 HTTP/1.1" 200 23
DEBUG:requests.packages.urllib3.connectionpool:"GET /bot621947128:AAF6O0J0VynvDb3Bi-AewMIig_RxVSA9yQI/getUpdates?offset=183176891&timeout=20 HTTP/1.1" 200 23
DEBUG:requests.packages.urllib3.connectionpool:"GET /bot621947128:AAF6O0J0VynvDb3Bi-AewMIig_RxVSA9yQI/getUpdates?offset=183176891&timeout=20 HTTP/1.1" 200 23
DEBUG:requests.packages.urllib3.connectionpool:"GET /bot621947128:AAF6O0J0VynvDb3Bi-AewMIig_RxVSA9yQI/getUpdates?offset=183176891&timeout=20 HTTP/1.1" 200 23
DEBUG:requests.packages.urllib3.connectionpool:"GET /bot621947128:AAF6O0J0VynvDb3Bi-AewMIig_RxVSA9yQI/getUpdates?offset=183176891&timeout=20 HTTP/1.1" 200 23
DEBUG:requests.packages.urllib3.connectionpool:"GET /bot621947128:AAF6O0J0VynvDb3Bi-AewMIig_RxVSA9yQI/getUpdates?offset=183176891&timeout=20 HTTP/1.1" 200 23
DEBUG:requests.packages.urllib3.connectionpool:"GET /bot621947128:AAF6O0J0VynvDb3Bi-AewMIig_RxVSA9yQI/getUpdates?offset=183176891&timeout=20 HTTP/1.1" 200 23
DEBUG:requests.packages.urllib3.connectionpool:"GET /bot621947128:AAF6O0J0VynvDb3Bi-AewMIig_RxVSA9yQI/getUpdates?offset=183176891&timeout=20 HTTP/1.1" 200 23
DEBUG:requests.packages.urllib3.connectionpool:"GET /bot621947128:AAF6O0J0VynvDb3Bi-AewMIig_RxVSA9yQI/getUpdates?offset=183176891&timeout=20 HTTP/1.1" 200 23
DEBUG:requests.packages.urllib3.connectionpool:"GET /bot621947128:AAF6O0J0VynvDb3Bi-AewMIig_RxVSA9yQI/getUpdates?offset=183176891&timeout=20 HTTP/1.1" 200 23
DEBUG:requests.packages.urllib3.connectionpool:"GET /bot621947128:AAF6O0J0VynvDb3Bi-AewMIig_RxVSA9yQI/getUpdates?offset=183176891&timeout=20 HTTP/1.1" 200 23
DEBUG:requests.packages.urllib3.connectionpool:"GET /bot621947128:AAF6O0J0VynvDb3Bi-AewMIig_RxVSA9yQI/getUpdates?offset=183176891&timeout=20 HTTP/1.1" 200 23
DEBUG:requests.packages.urllib3.connectionpool:"GET /bot621947128:AAF6O0J0VynvDb3Bi-AewMIig_RxVSA9yQI/getUpdates?offset=183176891&timeout=20 HTTP/1.1" 200 23
DEBUG:requests.packages.urllib3.connectionpool:"GET /bot621947128:AAF6O0J0VynvDb3Bi-AewMIig_RxVSA9yQI/getUpdates?offset=183176891&timeout=20 HTTP/1.1" 200 23
DEBUG:requests.packages.urllib3.connectionpool:"GET /bot621947128:AAF6O0J0VynvDb3Bi-AewMIig_RxVSA9yQI/getUpdates?offset=183176891&timeout=20 HTTP/1.1" 200 23
DEBUG:requests.packages.urllib3.connectionpool:"GET /bot621947128:AAF6O0J0VynvDb3Bi-AewMIig_RxVSA9yQI/getUpdates?offset=183176891&timeout=20 HTTP/1.1" 200 23
DEBUG:requests.packages.urllib3.connectionpool:"GET /bot621947128:AAF6O0J0VynvDb3Bi-AewMIig_RxVSA9yQI/getUpdates?offset=183176891&timeout=20 HTTP/1.1" 200 23
DEBUG:requests.packages.urllib3.connectionpool:"GET /bot621947128:AAF6O0J0VynvDb3Bi-AewMIig_RxVSA9yQI/getUpdates?offset=183176891&timeout=20 HTTP/1.1" 200 23
DEBUG:requests.packages.urllib3.connectionpool:"GET /bot621947128:AAF6O0J0VynvDb3Bi-AewMIig_RxVSA9yQI/getUpdates?offset=183176891&timeout=20 HTTP/1.1" 200 23
DEBUG:requests.packages.urllib3.connectionpool:"GET /bot621947128:AAF6O0J0VynvDb3Bi-AewMIig_RxVSA9yQI/getUpdates?offset=183176891&timeout=20 HTTP/1.1" 200 23
DEBUG:requests.packages.urllib3.connectionpool:"GET /bot621947128:AAF6O0J0VynvDb3Bi-AewMIig_RxVSA9yQI/getUpdates?offset=183176891&timeout=20 HTTP/1.1" 200 23
DEBUG:requests.packages.urllib3.connectionpool:"GET /bot621947128:AAF6O0J0VynvDb3Bi-AewMIig_RxVSA9yQI/getUpdates?offset=183176891&timeout=20 HTTP/1.1" 200 23
DEBUG:requests.packages.urllib3.connectionpool:"GET /bot621947128:AAF6O0J0VynvDb3Bi-AewMIig_RxVSA9yQI/getUpdates?offset=183176891&timeout=20 HTTP/1.1" 200 23
DEBUG:requests.packages.urllib3.connectionpool:"GET /bot621947128:AAF6O0J0VynvDb3Bi-AewMIig_RxVSA9yQI/getUpdates?offset=183176891&timeout=20 HTTP/1.1" 200 23
DEBUG:requests.packages.urllib3.connectionpool:"GET /bot621947128:AAF6O0J0VynvDb3Bi-AewMIig_RxVSA9yQI/getUpdates?offset=183176891&timeout=20 HTTP/1.1" 200 23
DEBUG:requests.packages.urllib3.connectionpool:"GET /bot621947128:AAF6O0J0VynvDb3Bi-AewMIig_RxVSA9yQI/getUpdates?offset=183176891&timeout=20 HTTP/1.1" 200 23
DEBUG:requests.packages.urllib3.connectionpool:"GET /bot621947128:AAF6O0J0VynvDb3Bi-AewMIig_RxVSA9yQI/getUpdates?offset=183176891&timeout=20 HTTP/1.1" 200 23
DEBUG:requests.packages.urllib3.connectionpool:"GET /bot621947128:AAF6O0J0VynvDb3Bi-AewMIig_RxVSA9yQI/getUpdates?offset=183176891&timeout=20 HTTP/1.1" 200 23
DEBUG:requests.packages.urllib3.connectionpool:"GET /bot621947128:AAF6O0J0VynvDb3Bi-AewMIig_RxVSA9yQI/getUpdates?offset=183176891&timeout=20 HTTP/1.1" 200 23
DEBUG:requests.packages.urllib3.connectionpool:"GET /bot621947128:AAF6O0J0VynvDb3Bi-AewMIig_RxVSA9yQI/getUpdates?offset=183176891&timeout=20 HTTP/1.1" 200 23
DEBUG:requests.packages.urllib3.connectionpool:"GET /bot621947128:AAF6O0J0VynvDb3Bi-AewMIig_RxVSA9yQI/getUpdates?offset=183176891&timeout=20 HTTP/1.1" 200 23
DEBUG:requests.packages.urllib3.connectionpool:"GET /bot621947128:AAF6O0J0VynvDb3Bi-AewMIig_RxVSA9yQI/getUpdates?offset=183176891&timeout=20 HTTP/1.1" 200 23
DEBUG:requests.packages.urllib3.connectionpool:"GET /bot621947128:AAF6O0J0VynvDb3Bi-AewMIig_RxVSA9yQI/getUpdates?offset=183176891&timeout=20 HTTP/1.1" 200 23
DEBUG:requests.packages.urllib3.connectionpool:"GET /bot621947128:AAF6O0J0VynvDb3Bi-AewMIig_RxVSA9yQI/getUpdates?offset=183176891&timeout=20 HTTP/1.1" 200 23
DEBUG:requests.packages.urllib3.connectionpool:"GET /bot621947128:AAF6O0J0VynvDb3Bi-AewMIig_RxVSA9yQI/getUpdates?offset=183176891&timeout=20 HTTP/1.1" 200 23
DEBUG:requests.packages.urllib3.connectionpool:"GET /bot621947128:AAF6O0J0VynvDb3Bi-AewMIig_RxVSA9yQI/getUpdates?offset=183176891&timeout=20 HTTP/1.1" 200 23
DEBUG:requests.packages.urllib3.connectionpool:"GET /bot621947128:AAF6O0J0VynvDb3Bi-AewMIig_RxVSA9yQI/getUpdates?offset=183176891&timeout=20 HTTP/1.1" 200 23
DEBUG:requests.packages.urllib3.connectionpool:"GET /bot621947128:AAF6O0J0VynvDb3Bi-AewMIig_RxVSA9yQI/getUpdates?offset=183176891&timeout=20 HTTP/1.1" 200 23
DEBUG:requests.packages.urllib3.connectionpool:"GET /bot621947128:AAF6O0J0VynvDb3Bi-AewMIig_RxVSA9yQI/getUpdates?offset=183176891&timeout=20 HTTP/1.1" 200 23
DEBUG:requests.packages.urllib3.connectionpool:"GET /bot621947128:AAF6O0J0VynvDb3Bi-AewMIig_RxVSA9yQI/getUpdates?offset=183176891&timeout=20 HTTP/1.1" 200 23
DEBUG:requests.packages.urllib3.connectionpool:"GET /bot621947128:AAF6O0J0VynvDb3Bi-AewMIig_RxVSA9yQI/getUpdates?offset=183176891&timeout=20 HTTP/1.1" 200 23
DEBUG:requests.packages.urllib3.connectionpool:"GET /bot621947128:AAF6O0J0VynvDb3Bi-AewMIig_RxVSA9yQI/getUpdates?offset=183176891&timeout=20 HTTP/1.1" 200 23
DEBUG:requests.packages.urllib3.connectionpool:"GET /bot621947128:AAF6O0J0VynvDb3Bi-AewMIig_RxVSA9yQI/getUpdates?offset=183176891&timeout=20 HTTP/1.1" 200 23
DEBUG:requests.packages.urllib3.connectionpool:"GET /bot621947128:AAF6O0J0VynvDb3Bi-AewMIig_RxVSA9yQI/getUpdates?offset=183176891&timeout=20 HTTP/1.1" 200 23
DEBUG:requests.packages.urllib3.connectionpool:"GET /bot621947128:AAF6O0J0VynvDb3Bi-AewMIig_RxVSA9yQI/getUpdates?offset=183176891&timeout=20 HTTP/1.1" 200 23
DEBUG:requests.packages.urllib3.connectionpool:"GET /bot621947128:AAF6O0J0VynvDb3Bi-AewMIig_RxVSA9yQI/getUpdates?offset=183176891&timeout=20 HTTP/1.1" 200 23
DEBUG:requests.packages.urllib3.connectionpool:"GET /bot621947128:AAF6O0J0VynvDb3Bi-AewMIig_RxVSA9yQI/getUpdates?offset=183176891&timeout=20 HTTP/1.1" 200 23
DEBUG:requests.packages.urllib3.connectionpool:"GET /bot621947128:AAF6O0J0VynvDb3Bi-AewMIig_RxVSA9yQI/getUpdates?offset=183176891&timeout=20 HTTP/1.1" 200 23
DEBUG:requests.packages.urllib3.connectionpool:"GET /bot621947128:AAF6O0J0VynvDb3Bi-AewMIig_RxVSA9yQI/getUpdates?offset=183176891&timeout=20 HTTP/1.1" 200 23
DEBUG:requests.packages.urllib3.connectionpool:"GET /bot621947128:AAF6O0J0VynvDb3Bi-AewMIig_RxVSA9yQI/getUpdates?offset=183176891&timeout=20 HTTP/1.1" 200 23
DEBUG:requests.packages.urllib3.connectionpool:"GET /bot621947128:AAF6O0J0VynvDb3Bi-AewMIig_RxVSA9yQI/getUpdates?offset=183176891&timeout=20 HTTP/1.1" 200 23
DEBUG:requests.packages.urllib3.connectionpool:"GET /bot621947128:AAF6O0J0VynvDb3Bi-AewMIig_RxVSA9yQI/getUpdates?offset=183176891&timeout=20 HTTP/1.1" 200 23
DEBUG:requests.packages.urllib3.connectionpool:"GET /bot621947128:AAF6O0J0VynvDb3Bi-AewMIig_RxVSA9yQI/getUpdates?offset=183176891&timeout=20 HTTP/1.1" 200 23
DEBUG:requests.packages.urllib3.connectionpool:"GET /bot621947128:AAF6O0J0VynvDb3Bi-AewMIig_RxVSA9yQI/getUpdates?offset=183176891&timeout=20 HTTP/1.1" 200 23
DEBUG:requests.packages.urllib3.connectionpool:"GET /bot621947128:AAF6O0J0VynvDb3Bi-AewMIig_RxVSA9yQI/getUpdates?offset=183176891&timeout=20 HTTP/1.1" 200 23
DEBUG:requests.packages.urllib3.connectionpool:"GET /bot621947128:AAF6O0J0VynvDb3Bi-AewMIig_RxVSA9yQI/getUpdates?offset=183176891&timeout=20 HTTP/1.1" 200 23
DEBUG:requests.packages.urllib3.connectionpool:"GET /bot621947128:AAF6O0J0VynvDb3Bi-AewMIig_RxVSA9yQI/getUpdates?offset=183176891&timeout=20 HTTP/1.1" 200 23
DEBUG:requests.packages.urllib3.connectionpool:"GET /bot621947128:AAF6O0J0VynvDb3Bi-AewMIig_RxVSA9yQI/getUpdates?offset=183176891&timeout=20 HTTP/1.1" 200 23
DEBUG:requests.packages.urllib3.connectionpool:"GET /bot621947128:AAF6O0J0VynvDb3Bi-AewMIig_RxVSA9yQI/getUpdates?offset=183176891&timeout=20 HTTP/1.1" 200 23
DEBUG:requests.packages.urllib3.connectionpool:"GET /bot621947128:AAF6O0J0VynvDb3Bi-AewMIig_RxVSA9yQI/getUpdates?offset=183176891&timeout=20 HTTP/1.1" 200 23
DEBUG:requests.packages.urllib3.connectionpool:"GET /bot621947128:AAF6O0J0VynvDb3Bi-AewMIig_RxVSA9yQI/getUpdates?offset=183176891&timeout=20 HTTP/1.1" 200 23
DEBUG:requests.packages.urllib3.connectionpool:"GET /bot621947128:AAF6O0J0VynvDb3Bi-AewMIig_RxVSA9yQI/getUpdates?offset=183176891&timeout=20 HTTP/1.1" 200 23
DEBUG:requests.packages.urllib3.connectionpool:"GET /bot621947128:AAF6O0J0VynvDb3Bi-AewMIig_RxVSA9yQI/getUpdates?offset=183176891&timeout=20 HTTP/1.1" 200 23
DEBUG:requests.packages.urllib3.connectionpool:"GET /bot621947128:AAF6O0J0VynvDb3Bi-AewMIig_RxVSA9yQI/getUpdates?offset=183176891&timeout=20 HTTP/1.1" 200 23
DEBUG:requests.packages.urllib3.connectionpool:"GET /bot621947128:AAF6O0J0VynvDb3Bi-AewMIig_RxVSA9yQI/getUpdates?offset=183176891&timeout=20 HTTP/1.1" 200 23
DEBUG:requests.packages.urllib3.connectionpool:"GET /bot621947128:AAF6O0J0VynvDb3Bi-AewMIig_RxVSA9yQI/getUpdates?offset=183176891&timeout=20 HTTP/1.1" 200 23
DEBUG:requests.packages.urllib3.connectionpool:"GET /bot621947128:AAF6O0J0VynvDb3Bi-AewMIig_RxVSA9yQI/getUpdates?offset=183176891&timeout=20 HTTP/1.1" 200 23
DEBUG:requests.packages.urllib3.connectionpool:"GET /bot621947128:AAF6O0J0VynvDb3Bi-AewMIig_RxVSA9yQI/getUpdates?offset=183176891&timeout=20 HTTP/1.1" 200 23
DEBUG:requests.packages.urllib3.connectionpool:"GET /bot621947128:AAF6O0J0VynvDb3Bi-AewMIig_RxVSA9yQI/getUpdates?offset=183176891&timeout=20 HTTP/1.1" 200 23
DEBUG:requests.packages.urllib3.connectionpool:"GET /bot621947128:AAF6O0J0VynvDb3Bi-AewMIig_RxVSA9yQI/getUpdates?offset=183176891&timeout=20 HTTP/1.1" 200 23
DEBUG:requests.packages.urllib3.connectionpool:"GET /bot621947128:AAF6O0J0VynvDb3Bi-AewMIig_RxVSA9yQI/getUpdates?offset=183176891&timeout=20 HTTP/1.1" 200 23
DEBUG:requests.packages.urllib3.connectionpool:"GET /bot621947128:AAF6O0J0VynvDb3Bi-AewMIig_RxVSA9yQI/getUpdates?offset=183176891&timeout=20 HTTP/1.1" 200 23
DEBUG:requests.packages.urllib3.connectionpool:"GET /bot621947128:AAF6O0J0VynvDb3Bi-AewMIig_RxVSA9yQI/getUpdates?offset=183176891&timeout=20 HTTP/1.1" 200 23
DEBUG:requests.packages.urllib3.connectionpool:"GET /bot621947128:AAF6O0J0VynvDb3Bi-AewMIig_RxVSA9yQI/getUpdates?offset=183176891&timeout=20 HTTP/1.1" 200 23
DEBUG:requests.packages.urllib3.connectionpool:"GET /bot621947128:AAF6O0J0VynvDb3Bi-AewMIig_RxVSA9yQI/getUpdates?offset=183176891&timeout=20 HTTP/1.1" 200 23
INFO:requests.packages.urllib3.connectionpool:Resetting dropped connection: api.telegram.org
DEBUG:requests.packages.urllib3.connectionpool:"GET /bot621947128:AAF6O0J0VynvDb3Bi-AewMIig_RxVSA9yQI/getUpdates?offset=183176891&timeout=20 HTTP/1.1" 200 23
DEBUG:requests.packages.urllib3.connectionpool:"GET /bot621947128:AAF6O0J0VynvDb3Bi-AewMIig_RxVSA9yQI/getUpdates?offset=183176891&timeout=20 HTTP/1.1" 200 23
DEBUG:requests.packages.urllib3.connectionpool:"GET /bot621947128:AAF6O0J0VynvDb3Bi-AewMIig_RxVSA9yQI/getUpdates?offset=183176891&timeout=20 HTTP/1.1" 200 23
INFO:requests.packages.urllib3.connectionpool:Starting new HTTPS connection (1): api.telegram.org
DEBUG:requests.packages.urllib3.connectionpool:"GET /bot621947128:AAF6O0J0VynvDb3Bi-AewMIig_RxVSA9yQI/getUpdates?offset=1&timeout=20 HTTP/1.1" 200 388
INFO:requests.packages.urllib3.connectionpool:Starting new HTTPS connection (1): api.telegram.org
DEBUG:requests.packages.urllib3.connectionpool:"POST /bot621947128:AAF6O0J0VynvDb3Bi-AewMIig_RxVSA9yQI/sendMessage?chat_id=97897080&text=Please%2C+load+your+location.&reply_to_message_id=486 HTTP/1.1" 200 633
DEBUG:requests.packages.urllib3.connectionpool:"GET /bot621947128:AAF6O0J0VynvDb3Bi-AewMIig_RxVSA9yQI/getUpdates?offset=183176892&timeout=20 HTTP/1.1" 200 371
INFO:root:37.53744, 55.747063
DEBUG:requests.packages.urllib3.connectionpool:"POST /bot621947128:AAF6O0J0VynvDb3Bi-AewMIig_RxVSA9yQI/sendMessage?chat_id=97897080&text=There+are+the+closest+places%3A&reply_to_message_id=488 HTTP/1.1" 200 618
DEBUG:requests.packages.urllib3.connectionpool:"POST /bot621947128:AAF6O0J0VynvDb3Bi-AewMIig_RxVSA9yQI/sendMessage?chat_id=97897080&text=Work+%2F+distance%3A+199.104244053955+meters&reply_to_message_id=488 HTTP/1.1" 200 629
DEBUG:requests.packages.urllib3.connectionpool:"POST /bot621947128:AAF6O0J0VynvDb3Bi-AewMIig_RxVSA9yQI/sendPhoto?chat_id=97897080 HTTP/1.1" 200 711
DEBUG:requests.packages.urllib3.connectionpool:"GET /bot621947128:AAF6O0J0VynvDb3Bi-AewMIig_RxVSA9yQI/sendLocation?chat_id=97897080&latitude=37.539121&longitude=55.74813 HTTP/1.1" 200 302
DEBUG:requests.packages.urllib3.connectionpool:"GET /bot621947128:AAF6O0J0VynvDb3Bi-AewMIig_RxVSA9yQI/getUpdates?offset=183176893&timeout=20 HTTP/1.1" 200 23
DEBUG:requests.packages.urllib3.connectionpool:"GET /bot621947128:AAF6O0J0VynvDb3Bi-AewMIig_RxVSA9yQI/getUpdates?offset=183176893&timeout=20 HTTP/1.1" 200 23
DEBUG:requests.packages.urllib3.connectionpool:"GET /bot621947128:AAF6O0J0VynvDb3Bi-AewMIig_RxVSA9yQI/getUpdates?offset=183176893&timeout=20 HTTP/1.1" 200 23
INFO:requests.packages.urllib3.connectionpool:Starting new HTTPS connection (1): api.telegram.org
DEBUG:requests.packages.urllib3.connectionpool:"GET /bot621947128:AAF6O0J0VynvDb3Bi-AewMIig_RxVSA9yQI/getUpdates?offset=1&timeout=20 HTTP/1.1" 200 388
INFO:requests.packages.urllib3.connectionpool:Starting new HTTPS connection (1): api.telegram.org
DEBUG:requests.packages.urllib3.connectionpool:"POST /bot621947128:AAF6O0J0VynvDb3Bi-AewMIig_RxVSA9yQI/sendMessage?chat_id=97897080&text=Please%2C+load+your+location.&reply_to_message_id=493 HTTP/1.1" 200 633
DEBUG:requests.packages.urllib3.connectionpool:"GET /bot621947128:AAF6O0J0VynvDb3Bi-AewMIig_RxVSA9yQI/getUpdates?offset=183176894&timeout=20 HTTP/1.1" 200 371
INFO:root:37.53744, 55.747063
DEBUG:requests.packages.urllib3.connectionpool:"POST /bot621947128:AAF6O0J0VynvDb3Bi-AewMIig_RxVSA9yQI/sendMessage?chat_id=97897080&text=There+are+the+closest+places%3A&reply_to_message_id=495 HTTP/1.1" 200 618
DEBUG:requests.packages.urllib3.connectionpool:"POST /bot621947128:AAF6O0J0VynvDb3Bi-AewMIig_RxVSA9yQI/sendMessage?chat_id=97897080&text=Work+%2F+distance%3A+199+meters&reply_to_message_id=495 HTTP/1.1" 200 616
DEBUG:requests.packages.urllib3.connectionpool:"POST /bot621947128:AAF6O0J0VynvDb3Bi-AewMIig_RxVSA9yQI/sendPhoto?chat_id=97897080 HTTP/1.1" 200 711
DEBUG:requests.packages.urllib3.connectionpool:"GET /bot621947128:AAF6O0J0VynvDb3Bi-AewMIig_RxVSA9yQI/sendLocation?chat_id=97897080&latitude=37.539121&longitude=55.74813 HTTP/1.1" 200 302
DEBUG:requests.packages.urllib3.connectionpool:"GET /bot621947128:AAF6O0J0VynvDb3Bi-AewMIig_RxVSA9yQI/getUpdates?offset=183176895&timeout=20 HTTP/1.1" 200 23
DEBUG:requests.packages.urllib3.connectionpool:"GET /bot621947128:AAF6O0J0VynvDb3Bi-AewMIig_RxVSA9yQI/getUpdates?offset=183176895&timeout=20 HTTP/1.1" 200 23
DEBUG:requests.packages.urllib3.connectionpool:"GET /bot621947128:AAF6O0J0VynvDb3Bi-AewMIig_RxVSA9yQI/getUpdates?offset=183176895&timeout=20 HTTP/1.1" 200 23
INFO:requests.packages.urllib3.connectionpool:Starting new HTTPS connection (1): api.telegram.org
DEBUG:requests.packages.urllib3.connectionpool:"GET /bot621947128:AAF6O0J0VynvDb3Bi-AewMIig_RxVSA9yQI/getUpdates?offset=1&timeout=20 HTTP/1.1" 200 388
INFO:requests.packages.urllib3.connectionpool:Starting new HTTPS connection (1): api.telegram.org
DEBUG:requests.packages.urllib3.connectionpool:"POST /bot621947128:AAF6O0J0VynvDb3Bi-AewMIig_RxVSA9yQI/sendMessage?chat_id=97897080&text=Please%2C+load+your+location.&reply_to_message_id=500 HTTP/1.1" 200 633
DEBUG:requests.packages.urllib3.connectionpool:"GET /bot621947128:AAF6O0J0VynvDb3Bi-AewMIig_RxVSA9yQI/getUpdates?offset=183176896&timeout=20 HTTP/1.1" 200 371
INFO:root:37.53744, 55.747063
INFO:requests.packages.urllib3.connectionpool:Starting new HTTPS connection (1): api.telegram.org
DEBUG:requests.packages.urllib3.connectionpool:"POST /bot621947128:AAF6O0J0VynvDb3Bi-AewMIig_RxVSA9yQI/sendMessage?chat_id=97897080&text=There+are+the+closest+places%3A&reply_to_message_id=502 HTTP/1.1" 200 618
DEBUG:requests.packages.urllib3.connectionpool:"POST /bot621947128:AAF6O0J0VynvDb3Bi-AewMIig_RxVSA9yQI/sendMessage?chat_id=97897080&text=Work+%2F+distance%3A+199+meters&reply_to_message_id=502 HTTP/1.1" 200 616
DEBUG:requests.packages.urllib3.connectionpool:"POST /bot621947128:AAF6O0J0VynvDb3Bi-AewMIig_RxVSA9yQI/sendPhoto?chat_id=97897080 HTTP/1.1" 200 711
DEBUG:requests.packages.urllib3.connectionpool:"GET /bot621947128:AAF6O0J0VynvDb3Bi-AewMIig_RxVSA9yQI/sendLocation?chat_id=97897080&latitude=55.74813&longitude=37.539121 HTTP/1.1" 200 302
DEBUG:requests.packages.urllib3.connectionpool:"GET /bot621947128:AAF6O0J0VynvDb3Bi-AewMIig_RxVSA9yQI/getUpdates?offset=183176897&timeout=20 HTTP/1.1" 200 389
DEBUG:requests.packages.urllib3.connectionpool:"POST /bot621947128:AAF6O0J0VynvDb3Bi-AewMIig_RxVSA9yQI/sendMessage?chat_id=97897080&text=Your+places+have+been+deleted%21&reply_to_message_id=507 HTTP/1.1" 200 637
DEBUG:requests.packages.urllib3.connectionpool:"GET /bot621947128:AAF6O0J0VynvDb3Bi-AewMIig_RxVSA9yQI/getUpdates?offset=183176898&timeout=20 HTTP/1.1" 200 388
DEBUG:requests.packages.urllib3.connectionpool:"POST /bot621947128:AAF6O0J0VynvDb3Bi-AewMIig_RxVSA9yQI/sendMessage?chat_id=97897080&text=Please%2C+load+your+location.&reply_to_message_id=509 HTTP/1.1" 200 633
DEBUG:requests.packages.urllib3.connectionpool:"GET /bot621947128:AAF6O0J0VynvDb3Bi-AewMIig_RxVSA9yQI/getUpdates?offset=183176899&timeout=20 HTTP/1.1" 200 371
INFO:root:37.53744, 55.747063
DEBUG:requests.packages.urllib3.connectionpool:"POST /bot621947128:AAF6O0J0VynvDb3Bi-AewMIig_RxVSA9yQI/sendMessage?chat_id=97897080&text=There+are+the+closest+places%3A&reply_to_message_id=511 HTTP/1.1" 200 618
DEBUG:requests.packages.urllib3.connectionpool:"GET /bot621947128:AAF6O0J0VynvDb3Bi-AewMIig_RxVSA9yQI/getUpdates?offset=183176900&timeout=20 HTTP/1.1" 200 23
DEBUG:requests.packages.urllib3.connectionpool:"GET /bot621947128:AAF6O0J0VynvDb3Bi-AewMIig_RxVSA9yQI/getUpdates?offset=183176900&timeout=20 HTTP/1.1" 200 23
DEBUG:requests.packages.urllib3.connectionpool:"GET /bot621947128:AAF6O0J0VynvDb3Bi-AewMIig_RxVSA9yQI/getUpdates?offset=183176900&timeout=20 HTTP/1.1" 200 23
DEBUG:requests.packages.urllib3.connectionpool:"GET /bot621947128:AAF6O0J0VynvDb3Bi-AewMIig_RxVSA9yQI/getUpdates?offset=183176900&timeout=20 HTTP/1.1" 200 23
DEBUG:requests.packages.urllib3.connectionpool:"GET /bot621947128:AAF6O0J0VynvDb3Bi-AewMIig_RxVSA9yQI/getUpdates?offset=183176900&timeout=20 HTTP/1.1" 200 23
INFO:requests.packages.urllib3.connectionpool:Starting new HTTPS connection (1): api.telegram.org
DEBUG:requests.packages.urllib3.connectionpool:"GET /bot621947128:AAF6O0J0VynvDb3Bi-AewMIig_RxVSA9yQI/getUpdates?offset=1&timeout=20 HTTP/1.1" 200 388
INFO:requests.packages.urllib3.connectionpool:Starting new HTTPS connection (1): api.telegram.org
DEBUG:requests.packages.urllib3.connectionpool:"POST /bot621947128:AAF6O0J0VynvDb3Bi-AewMIig_RxVSA9yQI/sendMessage?chat_id=97897080&text=Please%2C+load+your+location.&reply_to_message_id=513 HTTP/1.1" 200 633
DEBUG:requests.packages.urllib3.connectionpool:"GET /bot621947128:AAF6O0J0VynvDb3Bi-AewMIig_RxVSA9yQI/getUpdates?offset=183176901&timeout=20 HTTP/1.1" 200 371
INFO:root:37.53744, 55.747063
DEBUG:requests.packages.urllib3.connectionpool:"POST /bot621947128:AAF6O0J0VynvDb3Bi-AewMIig_RxVSA9yQI/sendMessage?chat_id=97897080&text=There+are+no+good+places+around+500+meters.&reply_to_message_id=515 HTTP/1.1" 200 632
DEBUG:requests.packages.urllib3.connectionpool:"GET /bot621947128:AAF6O0J0VynvDb3Bi-AewMIig_RxVSA9yQI/getUpdates?offset=183176902&timeout=20 HTTP/1.1" 200 387
INFO:requests.packages.urllib3.connectionpool:Starting new HTTPS connection (1): api.telegram.org
DEBUG:requests.packages.urllib3.connectionpool:"POST /bot621947128:AAF6O0J0VynvDb3Bi-AewMIig_RxVSA9yQI/sendMessage?chat_id=97897080&text=Please%2C+input+a+title+of+the+place.&reply_to_message_id=517 HTTP/1.1" 200 640
DEBUG:requests.packages.urllib3.connectionpool:"GET /bot621947128:AAF6O0J0VynvDb3Bi-AewMIig_RxVSA9yQI/getUpdates?offset=183176903&timeout=20 HTTP/1.1" 200 329
DEBUG:requests.packages.urllib3.connectionpool:"POST /bot621947128:AAF6O0J0VynvDb3Bi-AewMIig_RxVSA9yQI/sendMessage?chat_id=97897080&text=Please%2C+load+a+photo+of+a+place+you+want+to+add.+%28%2Fstop+to+interrupt+adding%29&reply_to_message_id=519 HTTP/1.1" 200 682
DEBUG:requests.packages.urllib3.connectionpool:"GET /bot621947128:AAF6O0J0VynvDb3Bi-AewMIig_RxVSA9yQI/getUpdates?offset=183176904&timeout=20 HTTP/1.1" 200 780
DEBUG:requests.packages.urllib3.connectionpool:"GET /bot621947128:AAF6O0J0VynvDb3Bi-AewMIig_RxVSA9yQI/getFile?file_id=AgADAgADG6sxG7Jo6EirR5DeBY838S2kOQ8ABEtEq0h7sclqOvMFAAEC HTTP/1.1" 200 142
INFO:requests.packages.urllib3.connectionpool:Starting new HTTPS connection (1): api.telegram.org
DEBUG:requests.packages.urllib3.connectionpool:"GET /file/bot621947128:AAF6O0J0VynvDb3Bi-AewMIig_RxVSA9yQI/photos/file_5.jpg HTTP/1.1" 200 140848
DEBUG:requests.packages.urllib3.connectionpool:"POST /bot621947128:AAF6O0J0VynvDb3Bi-AewMIig_RxVSA9yQI/sendMessage?chat_id=97897080&text=Please%2C+load+your+location.&reply_to_message_id=521 HTTP/1.1" 200 1025
DEBUG:requests.packages.urllib3.connectionpool:"GET /bot621947128:AAF6O0J0VynvDb3Bi-AewMIig_RxVSA9yQI/getUpdates?offset=183176905&timeout=20 HTTP/1.1" 200 371
DEBUG:requests.packages.urllib3.connectionpool:"POST /bot621947128:AAF6O0J0VynvDb3Bi-AewMIig_RxVSA9yQI/sendMessage?chat_id=97897080&text=Please%2C+confirm+the+adding%3A+yes%2Fno&reply_to_message_id=523 HTTP/1.1" 200 623
DEBUG:requests.packages.urllib3.connectionpool:"GET /bot621947128:AAF6O0J0VynvDb3Bi-AewMIig_RxVSA9yQI/getUpdates?offset=183176906&timeout=20 HTTP/1.1" 200 328
DEBUG:requests.packages.urllib3.connectionpool:"POST /bot621947128:AAF6O0J0VynvDb3Bi-AewMIig_RxVSA9yQI/sendMessage?chat_id=97897080&text=The+place+has+been+successfully+stored.&reply_to_message_id=525 HTTP/1.1" 200 585
DEBUG:requests.packages.urllib3.connectionpool:"GET /bot621947128:AAF6O0J0VynvDb3Bi-AewMIig_RxVSA9yQI/getUpdates?offset=183176907&timeout=20 HTTP/1.1" 200 23
DEBUG:requests.packages.urllib3.connectionpool:"GET /bot621947128:AAF6O0J0VynvDb3Bi-AewMIig_RxVSA9yQI/getUpdates?offset=183176907&timeout=20 HTTP/1.1" 200 388
DEBUG:requests.packages.urllib3.connectionpool:"POST /bot621947128:AAF6O0J0VynvDb3Bi-AewMIig_RxVSA9yQI/sendMessage?chat_id=97897080&text=Please%2C+load+your+location.&reply_to_message_id=527 HTTP/1.1" 200 633
DEBUG:requests.packages.urllib3.connectionpool:"GET /bot621947128:AAF6O0J0VynvDb3Bi-AewMIig_RxVSA9yQI/getUpdates?offset=183176908&timeout=20 HTTP/1.1" 200 371
INFO:root:37.53744, 55.747063
DEBUG:requests.packages.urllib3.connectionpool:"POST /bot621947128:AAF6O0J0VynvDb3Bi-AewMIig_RxVSA9yQI/sendMessage?chat_id=97897080&text=There+are+the+closest+places%3A&reply_to_message_id=529 HTTP/1.1" 200 618
DEBUG:requests.packages.urllib3.connectionpool:"POST /bot621947128:AAF6O0J0VynvDb3Bi-AewMIig_RxVSA9yQI/sendMessage?chat_id=97897080&text=Work+%2F+distance%3A+0+meters&reply_to_message_id=529 HTTP/1.1" 200 614
DEBUG:requests.packages.urllib3.connectionpool:"POST /bot621947128:AAF6O0J0VynvDb3Bi-AewMIig_RxVSA9yQI/sendPhoto?chat_id=97897080 HTTP/1.1" 200 711
DEBUG:requests.packages.urllib3.connectionpool:"GET /bot621947128:AAF6O0J0VynvDb3Bi-AewMIig_RxVSA9yQI/sendLocation?chat_id=97897080&latitude=55.747063&longitude=37.53744 HTTP/1.1" 200 302
DEBUG:requests.packages.urllib3.connectionpool:"GET /bot621947128:AAF6O0J0VynvDb3Bi-AewMIig_RxVSA9yQI/getUpdates?offset=183176909&timeout=20 HTTP/1.1" 200 23
DEBUG:requests.packages.urllib3.connectionpool:"GET /bot621947128:AAF6O0J0VynvDb3Bi-AewMIig_RxVSA9yQI/getUpdates?offset=183176909&timeout=20 HTTP/1.1" 200 23
DEBUG:requests.packages.urllib3.connectionpool:"GET /bot621947128:AAF6O0J0VynvDb3Bi-AewMIig_RxVSA9yQI/getUpdates?offset=183176909&timeout=20 HTTP/1.1" 200 388
DEBUG:requests.packages.urllib3.connectionpool:"POST /bot621947128:AAF6O0J0VynvDb3Bi-AewMIig_RxVSA9yQI/sendMessage?chat_id=97897080&text=Please%2C+load+your+location.&reply_to_message_id=534 HTTP/1.1" 200 633
DEBUG:requests.packages.urllib3.connectionpool:"GET /bot621947128:AAF6O0J0VynvDb3Bi-AewMIig_RxVSA9yQI/getUpdates?offset=183176910&timeout=20 HTTP/1.1" 200 23
DEBUG:requests.packages.urllib3.connectionpool:"GET /bot621947128:AAF6O0J0VynvDb3Bi-AewMIig_RxVSA9yQI/getUpdates?offset=183176910&timeout=20 HTTP/1.1" 200 23
DEBUG:requests.packages.urllib3.connectionpool:"GET /bot621947128:AAF6O0J0VynvDb3Bi-AewMIig_RxVSA9yQI/getUpdates?offset=183176910&timeout=20 HTTP/1.1" 200 371
INFO:root:37.522313, 55.761909
DEBUG:requests.packages.urllib3.connectionpool:"POST /bot621947128:AAF6O0J0VynvDb3Bi-AewMIig_RxVSA9yQI/sendMessage?chat_id=97897080&text=There+are+no+good+places+around+500+meters.&reply_to_message_id=536 HTTP/1.1" 200 632
DEBUG:requests.packages.urllib3.connectionpool:"GET /bot621947128:AAF6O0J0VynvDb3Bi-AewMIig_RxVSA9yQI/getUpdates?offset=183176911&timeout=20 HTTP/1.1" 200 23
DEBUG:requests.packages.urllib3.connectionpool:"GET /bot621947128:AAF6O0J0VynvDb3Bi-AewMIig_RxVSA9yQI/getUpdates?offset=183176911&timeout=20 HTTP/1.1" 200 23
DEBUG:requests.packages.urllib3.connectionpool:"GET /bot621947128:AAF6O0J0VynvDb3Bi-AewMIig_RxVSA9yQI/getUpdates?offset=183176911&timeout=20 HTTP/1.1" 200 23
DEBUG:requests.packages.urllib3.connectionpool:"GET /bot621947128:AAF6O0J0VynvDb3Bi-AewMIig_RxVSA9yQI/getUpdates?offset=183176911&timeout=20 HTTP/1.1" 200 23
INFO:requests.packages.urllib3.connectionpool:Starting new HTTPS connection (1): api.telegram.org
DEBUG:requests.packages.urllib3.connectionpool:"GET /bot621947128:AAF6O0J0VynvDb3Bi-AewMIig_RxVSA9yQI/getUpdates?offset=1&timeout=20 HTTP/1.1" 200 387
INFO:requests.packages.urllib3.connectionpool:Starting new HTTPS connection (1): api.telegram.org
DEBUG:requests.packages.urllib3.connectionpool:"POST /bot621947128:AAF6O0J0VynvDb3Bi-AewMIig_RxVSA9yQI/sendMessage?chat_id=97897080&text=Please%2C+input+a+title+of+the+place.&reply_to_message_id=538 HTTP/1.1" 200 640
DEBUG:requests.packages.urllib3.connectionpool:"GET /bot621947128:AAF6O0J0VynvDb3Bi-AewMIig_RxVSA9yQI/getUpdates?offset=183176912&timeout=20 HTTP/1.1" 200 329
INFO:requests.packages.urllib3.connectionpool:Starting new HTTPS connection (1): api.telegram.org
DEBUG:requests.packages.urllib3.connectionpool:"POST /bot621947128:AAF6O0J0VynvDb3Bi-AewMIig_RxVSA9yQI/sendMessage?chat_id=97897080&text=Please%2C+load+a+photo+of+a+place+you+want+to+add.+%28%2Fstop+to+interrupt+adding%29+location+-+None&reply_to_message_id=540 HTTP/1.1" 200 698
DEBUG:requests.packages.urllib3.connectionpool:"GET /bot621947128:AAF6O0J0VynvDb3Bi-AewMIig_RxVSA9yQI/getUpdates?offset=183176913&timeout=20 HTTP/1.1" 200 388
DEBUG:requests.packages.urllib3.connectionpool:"POST /bot621947128:AAF6O0J0VynvDb3Bi-AewMIig_RxVSA9yQI/sendMessage?chat_id=97897080&text=Adding+has+been+stopped.&reply_to_message_id=542 HTTP/1.1" 200 630
DEBUG:requests.packages.urllib3.connectionpool:"GET /bot621947128:AAF6O0J0VynvDb3Bi-AewMIig_RxVSA9yQI/getUpdates?offset=183176914&timeout=20 HTTP/1.1" 200 23
DEBUG:requests.packages.urllib3.connectionpool:"GET /bot621947128:AAF6O0J0VynvDb3Bi-AewMIig_RxVSA9yQI/getUpdates?offset=183176914&timeout=20 HTTP/1.1" 200 23
DEBUG:requests.packages.urllib3.connectionpool:"GET /bot621947128:AAF6O0J0VynvDb3Bi-AewMIig_RxVSA9yQI/getUpdates?offset=183176914&timeout=20 HTTP/1.1" 200 23
DEBUG:requests.packages.urllib3.connectionpool:"GET /bot621947128:AAF6O0J0VynvDb3Bi-AewMIig_RxVSA9yQI/getUpdates?offset=183176914&timeout=20 HTTP/1.1" 200 23
DEBUG:requests.packages.urllib3.connectionpool:"GET /bot621947128:AAF6O0J0VynvDb3Bi-AewMIig_RxVSA9yQI/getUpdates?offset=183176914&timeout=20 HTTP/1.1" 200 23
DEBUG:requests.packages.urllib3.connectionpool:"GET /bot621947128:AAF6O0J0VynvDb3Bi-AewMIig_RxVSA9yQI/getUpdates?offset=183176914&timeout=20 HTTP/1.1" 200 23
DEBUG:requests.packages.urllib3.connectionpool:"GET /bot621947128:AAF6O0J0VynvDb3Bi-AewMIig_RxVSA9yQI/getUpdates?offset=183176914&timeout=20 HTTP/1.1" 200 23
DEBUG:requests.packages.urllib3.connectionpool:"GET /bot621947128:AAF6O0J0VynvDb3Bi-AewMIig_RxVSA9yQI/getUpdates?offset=183176914&timeout=20 HTTP/1.1" 200 23
DEBUG:requests.packages.urllib3.connectionpool:"GET /bot621947128:AAF6O0J0VynvDb3Bi-AewMIig_RxVSA9yQI/getUpdates?offset=183176914&timeout=20 HTTP/1.1" 200 23
DEBUG:requests.packages.urllib3.connectionpool:"GET /bot621947128:AAF6O0J0VynvDb3Bi-AewMIig_RxVSA9yQI/getUpdates?offset=183176914&timeout=20 HTTP/1.1" 200 23
DEBUG:requests.packages.urllib3.connectionpool:"GET /bot621947128:AAF6O0J0VynvDb3Bi-AewMIig_RxVSA9yQI/getUpdates?offset=183176914&timeout=20 HTTP/1.1" 200 23
DEBUG:requests.packages.urllib3.connectionpool:"GET /bot621947128:AAF6O0J0VynvDb3Bi-AewMIig_RxVSA9yQI/getUpdates?offset=183176914&timeout=20 HTTP/1.1" 200 23
DEBUG:requests.packages.urllib3.connectionpool:"GET /bot621947128:AAF6O0J0VynvDb3Bi-AewMIig_RxVSA9yQI/getUpdates?offset=183176914&timeout=20 HTTP/1.1" 200 23
DEBUG:requests.packages.urllib3.connectionpool:"GET /bot621947128:AAF6O0J0VynvDb3Bi-AewMIig_RxVSA9yQI/getUpdates?offset=183176914&timeout=20 HTTP/1.1" 200 23
